2017-01-09 11:42:27,867 1      [           main] WARN  pl.SessionFactoryObjectFactory  - Could not bind factory to JNDI
javax.naming.NoInitialContextException: Need to specify class name in environment or system property, or as an applet parameter, or in an application resource file:  java.naming.factory.initial
	at javax.naming.spi.NamingManager.getInitialContext(Unknown Source)
	at javax.naming.InitialContext.getDefaultInitCtx(Unknown Source)
	at javax.naming.InitialContext.getURLOrDefaultInitCtx(Unknown Source)
	at javax.naming.InitialContext.getNameParser(Unknown Source)
	at org.hibernate.util.NamingHelper.bind(NamingHelper.java:75)
	at org.hibernate.impl.SessionFactoryObjectFactory.addInstance(SessionFactoryObjectFactory.java:113)
	at org.hibernate.impl.SessionFactoryImpl.<init>(SessionFactoryImpl.java:378)
	at org.hibernate.cfg.Configuration.buildSessionFactory(Configuration.java:1385)
	at org.hibernate.console.ConsoleConfiguration$5.execute(ConsoleConfiguration.java:278)
	at org.hibernate.console.execution.DefaultExecutionContext.execute(DefaultExecutionContext.java:63)
	at org.hibernate.console.ConsoleConfiguration.execute(ConsoleConfiguration.java:107)
	at org.hibernate.console.ConsoleConfiguration.buildSessionFactory(ConsoleConfiguration.java:273)
	at org.hibernate.eclipse.console.actions.ExecuteQueryAction.execute(ExecuteQueryAction.java:82)
	at org.hibernate.eclipse.console.actions.ExecuteQueryAction.run(ExecuteQueryAction.java:56)
	at org.eclipse.jface.action.Action.runWithEvent(Action.java:473)
	at org.hibernate.eclipse.console.actions.ExecuteQueryAction.runWithEvent(ExecuteQueryAction.java:60)
	at org.eclipse.jface.action.ActionContributionItem.handleWidgetSelection(ActionContributionItem.java:595)
	at org.eclipse.jface.action.ActionContributionItem.access$2(ActionContributionItem.java:511)
	at org.eclipse.jface.action.ActionContributionItem$6.handleEvent(ActionContributionItem.java:462)
	at org.eclipse.swt.widgets.EventTable.sendEvent(EventTable.java:84)
	at org.eclipse.swt.widgets.Display.sendEvent(Display.java:4362)
	at org.eclipse.swt.widgets.Widget.sendEvent(Widget.java:1113)
	at org.eclipse.swt.widgets.Display.runDeferredEvents(Display.java:4180)
	at org.eclipse.swt.widgets.Display.readAndDispatch(Display.java:3769)
	at org.eclipse.e4.ui.internal.workbench.swt.PartRenderingEngine$4.run(PartRenderingEngine.java:1127)
	at org.eclipse.core.databinding.observable.Realm.runWithDefault(Realm.java:337)
	at org.eclipse.e4.ui.internal.workbench.swt.PartRenderingEngine.run(PartRenderingEngine.java:1018)
	at org.eclipse.e4.ui.internal.workbench.E4Workbench.createAndRunUI(E4Workbench.java:156)
	at org.eclipse.ui.internal.Workbench$5.run(Workbench.java:694)
	at org.eclipse.core.databinding.observable.Realm.runWithDefault(Realm.java:337)
	at org.eclipse.ui.internal.Workbench.createAndRunWorkbench(Workbench.java:606)
	at org.eclipse.ui.PlatformUI.createAndRunWorkbench(PlatformUI.java:150)
	at org.eclipse.ui.internal.ide.application.IDEApplication.start(IDEApplication.java:139)
	at org.eclipse.equinox.internal.app.EclipseAppHandle.run(EclipseAppHandle.java:196)
	at org.eclipse.core.runtime.internal.adaptor.EclipseAppLauncher.runApplication(EclipseAppLauncher.java:134)
	at org.eclipse.core.runtime.internal.adaptor.EclipseAppLauncher.start(EclipseAppLauncher.java:104)
	at org.eclipse.core.runtime.adaptor.EclipseStarter.run(EclipseStarter.java:380)
	at org.eclipse.core.runtime.adaptor.EclipseStarter.run(EclipseStarter.java:235)
	at sun.reflect.NativeMethodAccessorImpl.invoke0(Native Method)
	at sun.reflect.NativeMethodAccessorImpl.invoke(Unknown Source)
	at sun.reflect.DelegatingMethodAccessorImpl.invoke(Unknown Source)
	at java.lang.reflect.Method.invoke(Unknown Source)
	at org.eclipse.equinox.launcher.Main.invokeFramework(Main.java:669)
	at org.eclipse.equinox.launcher.Main.basicRun(Main.java:608)
	at org.eclipse.equinox.launcher.Main.run(Main.java:1515)
2017-01-09 11:42:27,923 57     [           main] WARN  pl.SessionFactoryObjectFactory  - Could not bind factory to JNDI
javax.naming.NoInitialContextException: Need to specify class name in environment or system property, or as an applet parameter, or in an application resource file:  java.naming.factory.initial
	at javax.naming.spi.NamingManager.getInitialContext(Unknown Source)
	at javax.naming.InitialContext.getDefaultInitCtx(Unknown Source)
	at javax.naming.InitialContext.getURLOrDefaultInitCtx(Unknown Source)
	at javax.naming.InitialContext.getNameParser(Unknown Source)
	at org.hibernate.util.NamingHelper.bind(NamingHelper.java:75)
	at org.hibernate.impl.SessionFactoryObjectFactory.addInstance(SessionFactoryObjectFactory.java:113)
	at org.hibernate.impl.SessionFactoryImpl.<init>(SessionFactoryImpl.java:378)
	at org.hibernate.cfg.Configuration.buildSessionFactory(Configuration.java:1385)
	at org.jboss.tools.hibernate3_5.HibernateExtension3_5$3.execute(HibernateExtension3_5.java:112)
	at org.hibernate.console.execution.DefaultExecutionContext.execute(DefaultExecutionContext.java:63)
	at org.jboss.tools.hibernate3_5.HibernateExtension3_5.execute(HibernateExtension3_5.java:199)
	at org.jboss.tools.hibernate3_5.HibernateExtension3_5.buildSessionFactory(HibernateExtension3_5.java:107)
	at org.hibernate.console.ConsoleConfiguration.buildSessionFactory(ConsoleConfiguration.java:283)
	at org.hibernate.eclipse.console.actions.ExecuteQueryAction.execute(ExecuteQueryAction.java:82)
	at org.hibernate.eclipse.console.actions.ExecuteQueryAction.run(ExecuteQueryAction.java:56)
	at org.eclipse.jface.action.Action.runWithEvent(Action.java:473)
	at org.hibernate.eclipse.console.actions.ExecuteQueryAction.runWithEvent(ExecuteQueryAction.java:60)
	at org.eclipse.jface.action.ActionContributionItem.handleWidgetSelection(ActionContributionItem.java:595)
	at org.eclipse.jface.action.ActionContributionItem.access$2(ActionContributionItem.java:511)
	at org.eclipse.jface.action.ActionContributionItem$6.handleEvent(ActionContributionItem.java:462)
	at org.eclipse.swt.widgets.EventTable.sendEvent(EventTable.java:84)
	at org.eclipse.swt.widgets.Display.sendEvent(Display.java:4362)
	at org.eclipse.swt.widgets.Widget.sendEvent(Widget.java:1113)
	at org.eclipse.swt.widgets.Display.runDeferredEvents(Display.java:4180)
	at org.eclipse.swt.widgets.Display.readAndDispatch(Display.java:3769)
	at org.eclipse.e4.ui.internal.workbench.swt.PartRenderingEngine$4.run(PartRenderingEngine.java:1127)
	at org.eclipse.core.databinding.observable.Realm.runWithDefault(Realm.java:337)
	at org.eclipse.e4.ui.internal.workbench.swt.PartRenderingEngine.run(PartRenderingEngine.java:1018)
	at org.eclipse.e4.ui.internal.workbench.E4Workbench.createAndRunUI(E4Workbench.java:156)
	at org.eclipse.ui.internal.Workbench$5.run(Workbench.java:694)
	at org.eclipse.core.databinding.observable.Realm.runWithDefault(Realm.java:337)
	at org.eclipse.ui.internal.Workbench.createAndRunWorkbench(Workbench.java:606)
	at org.eclipse.ui.PlatformUI.createAndRunWorkbench(PlatformUI.java:150)
	at org.eclipse.ui.internal.ide.application.IDEApplication.start(IDEApplication.java:139)
	at org.eclipse.equinox.internal.app.EclipseAppHandle.run(EclipseAppHandle.java:196)
	at org.eclipse.core.runtime.internal.adaptor.EclipseAppLauncher.runApplication(EclipseAppLauncher.java:134)
	at org.eclipse.core.runtime.internal.adaptor.EclipseAppLauncher.start(EclipseAppLauncher.java:104)
	at org.eclipse.core.runtime.adaptor.EclipseStarter.run(EclipseStarter.java:380)
	at org.eclipse.core.runtime.adaptor.EclipseStarter.run(EclipseStarter.java:235)
	at sun.reflect.NativeMethodAccessorImpl.invoke0(Native Method)
	at sun.reflect.NativeMethodAccessorImpl.invoke(Unknown Source)
	at sun.reflect.DelegatingMethodAccessorImpl.invoke(Unknown Source)
	at java.lang.reflect.Method.invoke(Unknown Source)
	at org.eclipse.equinox.launcher.Main.invokeFramework(Main.java:669)
	at org.eclipse.equinox.launcher.Main.basicRun(Main.java:608)
	at org.eclipse.equinox.launcher.Main.run(Main.java:1515)
2017-01-16 14:03:32,853 0      [           main] ERROR       org.hibernate.hql.PARSER  - line 2:1: unexpected token: select
2017-01-20 16:53:43,672 1      [           main] ERROR       org.hibernate.hql.PARSER  -  Path expected for join!
2017-01-20 16:54:08,808 25137  [           main] ERROR       org.hibernate.hql.PARSER  -  Invalid path: 'repartos.id'
2017-01-20 16:54:33,108 49437  [           main] ERROR       org.hibernate.hql.PARSER  -  Invalid path: 'repartos.id'
2017-01-20 16:54:56,992 73321  [           main] ERROR       org.hibernate.hql.PARSER  -  Invalid path: 'repartos.id'
2017-01-20 16:55:57,777 134106 [           main] ERROR       org.hibernate.hql.PARSER  -  Path expected for join!
2017-01-20 16:56:06,501 142830 [           main] ERROR       org.hibernate.hql.PARSER  -  Invalid path: 'id.codCurso'
2017-01-20 16:56:06,502 142831 [           main] ERROR       org.hibernate.hql.PARSER  -  Invalid path: 'profesor.nombre'
2017-01-20 16:58:45,421 301750 [           main] ERROR       org.hibernate.hql.PARSER  -  Path expected for join!
2017-01-20 16:59:11,764 328093 [           main] ERROR       org.hibernate.hql.PARSER  -  Path expected for join!
2017-01-20 16:59:44,692 361021 [           main] ERROR       org.hibernate.hql.PARSER  -  Path expected for join!
2017-01-20 17:00:20,988 397317 [           main] ERROR       org.hibernate.hql.PARSER  -  Path expected for join!
2017-01-20 17:00:27,888 404217 [           main] ERROR       org.hibernate.hql.PARSER  -  Invalid path: 'id.codCurso'
2017-01-20 17:00:27,888 404217 [           main] ERROR       org.hibernate.hql.PARSER  -  Invalid path: 'id.codAsignatura'
2017-01-20 17:00:40,145 416474 [           main] ERROR       org.hibernate.hql.PARSER  -  Invalid path: 'c.profesor'
2017-01-20 17:03:08,396 564725 [           main] ERROR       org.hibernate.hql.PARSER  -  Invalid path: 'id.codCurso'
2017-01-20 17:03:08,398 564727 [           main] ERROR       org.hibernate.hql.PARSER  -  Invalid path: 'id.codAsignatura'
2017-01-20 17:03:17,929 574258 [           main] ERROR       org.hibernate.hql.PARSER  -  Invalid path: 'id.codCurso'
2017-01-20 17:03:17,930 574259 [           main] ERROR       org.hibernate.hql.PARSER  -  Invalid path: 'id.codAsignatura'
2017-01-20 17:05:00,874 677203 [           main] ERROR       org.hibernate.hql.PARSER  -  Invalid path: 'id.codCurso'
2017-01-20 17:05:00,875 677204 [           main] ERROR       org.hibernate.hql.PARSER  -  Invalid path: 'id.codAsignatura'
2017-01-20 17:07:48,701 845030 [           main] ERROR       org.hibernate.hql.PARSER  -  Invalid path: 'id.codCurso'
2017-01-20 17:07:48,702 845031 [           main] ERROR       org.hibernate.hql.PARSER  -  Invalid path: 'id.codAsignatura'
2017-01-20 17:11:00,204 1036533 [           main] ERROR       org.hibernate.hql.PARSER  -  Invalid path: 'id.codCurso'
2017-01-20 17:11:00,204 1036533 [           main] ERROR       org.hibernate.hql.PARSER  -  Invalid path: 'id.codAsignatura'
2017-01-20 17:11:38,668 1074997 [           main] ERROR       org.hibernate.hql.PARSER  -  Invalid path: 'id.codCurso'
2017-01-20 17:11:38,668 1074997 [           main] ERROR       org.hibernate.hql.PARSER  -  Invalid path: 'id.codAsignatura'
2017-01-20 17:11:38,668 1074997 [           main] ERROR       org.hibernate.hql.PARSER  -  Invalid path: 'id.codCurso'
2017-01-20 17:11:54,320 1090649 [           main] ERROR       org.hibernate.hql.PARSER  -  Path expected for join!
2017-01-20 17:11:54,335 1090664 [           main] ERROR       org.hibernate.hql.PARSER  -  Invalid path: 'c.profesor'
2017-01-20 17:12:26,964 1123293 [           main] ERROR       org.hibernate.hql.PARSER  -  Invalid path: 'id.codCurso'
2017-01-20 17:12:49,074 1145403 [           main] ERROR       org.hibernate.hql.PARSER  -  Invalid path: 'c.profesor'
2017-01-20 17:13:24,384 1180713 [           main] ERROR       org.hibernate.hql.PARSER  -  Invalid path: 'c.profesor'
2017-01-20 17:38:07,753 2664082 [           main] ERROR       org.hibernate.hql.PARSER  - line 1:7: unexpected token: null
2017-01-20 17:38:18,909 2675238 [           main] ERROR       org.hibernate.hql.PARSER  - line 1:8: unexpected token: null
2017-01-20 17:38:23,484 2679813 [           main] ERROR       org.hibernate.hql.PARSER  - line 1:18: unexpected token: null
2017-01-20 17:38:35,109 2691438 [           main] ERROR       org.hibernate.hql.PARSER  - line 1:29: unexpected token: null
2017-01-20 17:38:41,711 2698040 [           main] ERROR       org.hibernate.hql.PARSER  - line 1:34: expecting OPEN, found 'null'
2017-01-20 17:38:41,711 2698040 [           main] WARN  rg.hibernate.hql.ast.HqlParser  - processEqualityExpression() : No expression to process!
2017-01-20 17:38:43,230 2699559 [           main] ERROR       org.hibernate.hql.PARSER  - line 1:35: unexpected token: )
2017-01-20 17:38:43,230 2699559 [           main] WARN  rg.hibernate.hql.ast.HqlParser  - processEqualityExpression() : No expression to process!
2017-01-20 17:38:48,312 2704641 [           main] ERROR       org.hibernate.hql.PARSER  - <AST>:0:0: unexpected end of subtree
2017-01-20 17:38:48,315 2704644 [           main] ERROR       org.hibernate.hql.PARSER  -  Invalid path: 'p.codProf'
2017-01-20 17:38:50,342 2706671 [           main] ERROR       org.hibernate.hql.PARSER  - line 1:39: unexpected token: null
2017-01-20 17:39:02,008 2718337 [           main] ERROR       org.hibernate.hql.PARSER  - line 1:57: unexpected token: null
2017-01-20 17:39:08,073 2724402 [           main] ERROR       org.hibernate.hql.PARSER  - line 1:62: expecting OPEN, found 'null'
2017-01-20 17:39:08,073 2724402 [           main] WARN  rg.hibernate.hql.ast.HqlParser  - processEqualityExpression() : No expression to process!
2017-01-20 17:39:09,091 2725420 [           main] ERROR       org.hibernate.hql.PARSER  - line 1:63: unexpected token: )
2017-01-20 17:39:09,091 2725420 [           main] WARN  rg.hibernate.hql.ast.HqlParser  - processEqualityExpression() : No expression to process!
2017-01-20 17:39:11,112 2727441 [           main] ERROR       org.hibernate.hql.PARSER  - <AST>:0:0: unexpected end of subtree
2017-01-20 17:39:11,112 2727441 [           main] ERROR       org.hibernate.hql.PARSER  -  Invalid path: 'p.codProf'
2017-01-20 17:39:11,112 2727441 [           main] ERROR       org.hibernate.hql.PARSER  -  Invalid path: 'a.horasSemanales'
2017-01-20 17:39:12,126 2728455 [           main] ERROR       org.hibernate.hql.PARSER  - <AST>:0:0: unexpected end of subtree
2017-01-20 17:39:12,126 2728455 [           main] ERROR       org.hibernate.hql.PARSER  -  Invalid path: 'p.codProf'
2017-01-20 17:39:12,126 2728455 [           main] ERROR       org.hibernate.hql.PARSER  -  Invalid path: 'a.horasSemanales'
2017-01-20 17:39:14,643 2730972 [           main] ERROR       org.hibernate.hql.PARSER  - line 2:6: unexpected token: null
2017-01-20 17:39:17,659 2733988 [           main] ERROR       org.hibernate.hql.PARSER  - <AST>:0:0: unexpected end of subtree
2017-01-20 17:39:17,659 2733988 [           main] ERROR       org.hibernate.hql.PARSER  -  Invalid path: 'p.codProf'
2017-01-20 17:39:17,659 2733988 [           main] ERROR       org.hibernate.hql.PARSER  -  Invalid path: 'a.horasSemanales'
2017-01-20 17:39:19,176 2735505 [           main] ERROR       org.hibernate.hql.PARSER  - <AST>:0:0: unexpected end of subtree
2017-01-20 17:39:19,176 2735505 [           main] ERROR       org.hibernate.hql.PARSER  -  Invalid path: 'p.codProf'
2017-01-20 17:39:19,176 2735505 [           main] ERROR       org.hibernate.hql.PARSER  -  Invalid path: 'a.horasSemanales'
2017-01-20 17:39:20,693 2737022 [           main] ERROR       org.hibernate.hql.PARSER  - line 2:5: unexpected token: null
2017-01-20 17:39:21,694 2738023 [           main] ERROR       org.hibernate.hql.PARSER  - line 2:6: unexpected token: null
2017-01-20 17:39:24,726 2741055 [           main] ERROR       org.hibernate.hql.PARSER  - line 2:6: unexpected token: null
2017-01-20 17:39:28,775 2745104 [           main] ERROR       org.hibernate.hql.PARSER  - line 2:26: unexpected token: null
2017-01-20 17:39:30,274 2746603 [           main] ERROR       org.hibernate.hql.PARSER  - line 2:27: unexpected token: null
2017-01-20 17:39:43,623 2759952 [           main] ERROR       org.hibernate.hql.PARSER  -  Path expected for join!
2017-01-20 17:39:48,140 2764469 [           main] ERROR       org.hibernate.hql.PARSER  -  Invalid path: 'repartos.profesor'
2017-01-20 17:39:56,766 2773095 [           main] ERROR       org.hibernate.hql.PARSER  - line 2:46: unexpected token: null
2017-01-20 17:40:05,359 2781688 [           main] ERROR       org.hibernate.hql.PARSER  - line 2:50: unexpected token: null
2017-01-20 17:40:13,441 2789770 [           main] ERROR       org.hibernate.hql.PARSER  - line 2:46: unexpected token: as
2017-01-20 17:40:17,477 2793806 [           main] ERROR       org.hibernate.hql.PARSER  - line 2:61: unexpected token: null
2017-01-20 17:40:20,006 2796335 [           main] ERROR       org.hibernate.hql.PARSER  - line 2:61: unexpected token: null
2017-01-20 17:40:21,037 2797366 [           main] ERROR       org.hibernate.hql.PARSER  - line 2:62: unexpected token: null
2017-01-20 17:40:28,112 2804441 [           main] ERROR       org.hibernate.hql.PARSER  - line 2:64: unexpected token: null
2017-01-20 17:40:31,132 2807461 [           main] ERROR       org.hibernate.hql.PARSER  - line 2:66: unexpected token: null
2017-01-20 17:40:34,163 2810492 [           main] ERROR       org.hibernate.hql.PARSER  -  Invalid path: 'repartos.profesor'
2017-01-20 17:40:34,163 2810492 [           main] ERROR       org.hibernate.hql.PARSER  -  Path expected for join!
2017-01-20 17:40:34,178 2810507 [           main] ERROR       org.hibernate.hql.PARSER  -  Invalid path: 'a.horasSemanales'
2017-01-20 17:40:36,199 2812528 [           main] ERROR       org.hibernate.hql.PARSER  -  Invalid path: 'repartos.profesor'
2017-01-20 17:40:36,200 2812529 [           main] ERROR       org.hibernate.hql.PARSER  -  Path expected for join!
2017-01-20 17:40:36,206 2812535 [           main] ERROR       org.hibernate.hql.PARSER  -  Invalid path: 'a.horasSemanales'
2017-01-20 17:40:37,204 2813533 [           main] ERROR       org.hibernate.hql.PARSER  -  Invalid path: 'repartos.profesor'
2017-01-20 17:40:37,204 2813533 [           main] ERROR       org.hibernate.hql.PARSER  -  Path expected for join!
2017-01-20 17:40:37,220 2813549 [           main] ERROR       org.hibernate.hql.PARSER  -  Invalid path: 'a.horasSemanales'
2017-01-20 17:40:42,810 2819139 [           main] ERROR       org.hibernate.hql.PARSER  - line 2:68: unexpected token: null
2017-01-20 17:40:46,344 2822673 [           main] ERROR       org.hibernate.hql.PARSER  - line 2:79: expecting IDENT, found 'null'
2017-01-20 17:40:54,458 2830787 [           main] ERROR       org.hibernate.hql.PARSER  - line 2:68: unexpected token: null
2017-01-20 17:40:55,474 2831803 [           main] ERROR       org.hibernate.hql.PARSER  - line 2:70: expecting IDENT, found 'null'
2017-01-20 17:40:59,544 2835873 [           main] ERROR       org.hibernate.hql.PARSER  - line 2:77: expecting IDENT, found 'null'
2017-01-20 17:41:06,588 2842917 [           main] ERROR       org.hibernate.hql.PARSER  - line 2:86: expecting IDENT, found 'null'
2017-01-20 17:42:38,373 2934702 [           main] ERROR       org.hibernate.hql.PARSER  - line 3:9: unexpected token: null
2017-01-20 17:42:39,876 2936205 [           main] ERROR       org.hibernate.hql.PARSER  - line 3:7: expecting "by", found 'null'
2017-01-20 17:42:41,379 2937708 [           main] ERROR       org.hibernate.hql.PARSER  - line 3:10: unexpected token: null
2017-01-20 17:42:43,405 2939734 [           main] ERROR       org.hibernate.hql.PARSER  - line 1:35: unexpected token: )
2017-01-20 17:42:43,405 2939734 [           main] WARN  rg.hibernate.hql.ast.HqlParser  - processEqualityExpression() : No expression to process!
2017-01-20 17:42:43,405 2939734 [           main] ERROR       org.hibernate.hql.PARSER  - line 3:10: unexpected token: null
2017-01-20 17:42:47,474 2943803 [           main] ERROR       org.hibernate.hql.PARSER  - line 1:37: expecting IDENT, found ')'
2017-01-20 17:42:47,474 2943803 [           main] ERROR       org.hibernate.hql.PARSER  - line 1:38: expecting CLOSE, found ','
2017-01-20 17:42:47,474 2943803 [           main] ERROR       org.hibernate.hql.PARSER  - line 3:10: unexpected token: null
2017-01-20 17:42:52,037 2948366 [           main] ERROR       org.hibernate.hql.PARSER  - line 3:10: unexpected token: null
2017-01-20 17:43:02,663 2958992 [           main] ERROR       org.hibernate.hql.PARSER  - line 1:35: unexpected token: )
2017-01-20 17:43:02,664 2958993 [           main] WARN  rg.hibernate.hql.ast.HqlParser  - processEqualityExpression() : No expression to process!
2017-01-20 17:43:02,664 2958993 [           main] ERROR       org.hibernate.hql.PARSER  - line 3:10: unexpected token: null
2017-01-20 17:43:30,000 2986329 [           main] ERROR       org.hibernate.hql.PARSER  - line 3:10: unexpected token: null
2017-01-20 17:43:32,028 2988357 [           main] ERROR       org.hibernate.hql.PARSER  - line 1:46: expecting IDENT, found ')'
2017-01-20 17:43:32,028 2988357 [           main] ERROR       org.hibernate.hql.PARSER  - line 1:47: expecting CLOSE, found ','
2017-01-20 17:43:32,028 2988357 [           main] ERROR       org.hibernate.hql.PARSER  - line 3:10: unexpected token: null
2017-01-20 17:43:33,529 2989858 [           main] ERROR       org.hibernate.hql.PARSER  - line 1:46: expecting IDENT, found ')'
2017-01-20 17:43:33,529 2989858 [           main] ERROR       org.hibernate.hql.PARSER  - line 1:47: expecting CLOSE, found ','
2017-01-20 17:43:33,529 2989858 [           main] ERROR       org.hibernate.hql.PARSER  - line 3:10: unexpected token: null
2017-01-20 17:43:40,585 2996914 [           main] ERROR       org.hibernate.hql.PARSER  - line 3:10: unexpected token: null
2017-01-20 17:43:50,734 3007063 [           main] ERROR       org.hibernate.hql.PARSER  - line 1:83: unexpected token: )
2017-01-20 17:43:50,734 3007063 [           main] WARN  rg.hibernate.hql.ast.HqlParser  - processEqualityExpression() : No expression to process!
2017-01-20 17:43:50,734 3007063 [           main] ERROR       org.hibernate.hql.PARSER  - line 3:10: unexpected token: null
2017-01-20 17:43:54,247 3010576 [           main] ERROR       org.hibernate.hql.PARSER  - line 1:85: expecting IDENT, found ')'
2017-01-20 17:43:54,247 3010576 [           main] ERROR       org.hibernate.hql.PARSER  - line 2:1: expecting CLOSE, found 'FROM'
2017-01-20 17:43:54,247 3010576 [           main] ERROR       org.hibernate.hql.PARSER  - line 2:22: unexpected token: p
2017-01-20 17:43:54,247 3010576 [           main] WARN  rg.hibernate.hql.ast.HqlParser  - processEqualityExpression() : No expression to process!
2017-01-20 17:43:54,247 3010576 [           main] ERROR       org.hibernate.hql.PARSER  - line 2:24: unexpected token: JOIN
2017-01-20 17:43:54,247 3010576 [           main] ERROR       org.hibernate.hql.PARSER  - line 2:68: unexpected token: a
2017-01-20 17:43:54,247 3010576 [           main] WARN  rg.hibernate.hql.ast.HqlParser  - processEqualityExpression() : No expression to process!
2017-01-20 17:43:54,247 3010576 [           main] ERROR       org.hibernate.hql.PARSER  - line 2:70: unexpected token: JOIN
2017-01-20 17:43:54,247 3010576 [           main] ERROR       org.hibernate.hql.PARSER  - line 3:10: unexpected token: null
2017-01-20 17:43:55,798 3012127 [           main] ERROR       org.hibernate.hql.PARSER  - line 3:10: unexpected token: null
2017-01-20 17:43:55,836 3012165 [           main] ERROR       org.hibernate.hql.PARSER  - line 3:10: unexpected token: null
2017-01-20 17:43:58,794 3015123 [           main] ERROR       org.hibernate.hql.PARSER  - line 3:10: unexpected token: null
2017-01-20 17:44:00,295 3016624 [           main] ERROR       org.hibernate.hql.PARSER  - line 1:94: expecting IDENT, found ')'
2017-01-20 17:44:00,295 3016624 [           main] ERROR       org.hibernate.hql.PARSER  - line 2:1: expecting CLOSE, found 'FROM'
2017-01-20 17:44:00,295 3016624 [           main] ERROR       org.hibernate.hql.PARSER  - line 2:22: unexpected token: p
2017-01-20 17:44:00,295 3016624 [           main] WARN  rg.hibernate.hql.ast.HqlParser  - processEqualityExpression() : No expression to process!
2017-01-20 17:44:00,295 3016624 [           main] ERROR       org.hibernate.hql.PARSER  - line 2:24: unexpected token: JOIN
2017-01-20 17:44:00,295 3016624 [           main] ERROR       org.hibernate.hql.PARSER  - line 2:68: unexpected token: a
2017-01-20 17:44:00,295 3016624 [           main] WARN  rg.hibernate.hql.ast.HqlParser  - processEqualityExpression() : No expression to process!
2017-01-20 17:44:00,295 3016624 [           main] ERROR       org.hibernate.hql.PARSER  - line 2:70: unexpected token: JOIN
2017-01-20 17:44:00,295 3016624 [           main] ERROR       org.hibernate.hql.PARSER  - line 3:10: unexpected token: null
2017-01-20 17:44:09,414 3025743 [           main] ERROR       org.hibernate.hql.PARSER  - line 3:10: unexpected token: null
2017-01-20 17:44:27,115 3043444 [           main] ERROR       org.hibernate.hql.PARSER  - line 3:28: unexpected token: null
2017-01-20 17:45:13,619 3089948 [           main] ERROR       org.hibernate.hql.PARSER  - line 4:1: unexpected token: GROUP
2017-01-20 17:45:13,619 3089948 [           main] ERROR       org.hibernate.hql.PARSER  - line 4:26: unexpected token: ,
2017-01-20 17:45:17,652 3093981 [           main] ERROR       org.hibernate.hql.PARSER  - line 3:1: unexpected token: WHERE
2017-01-20 17:45:19,168 3095497 [           main] ERROR       org.hibernate.hql.PARSER  - line 4:1: unexpected token: GROUP
2017-01-20 17:45:19,168 3095497 [           main] ERROR       org.hibernate.hql.PARSER  - line 4:26: unexpected token: ,
2017-01-20 17:45:22,248 3098577 [           main] ERROR       org.hibernate.hql.PARSER  - line 4:1: unexpected token: GROUP
2017-01-20 17:45:22,248 3098577 [           main] ERROR       org.hibernate.hql.PARSER  - line 4:26: unexpected token: ,
2017-01-20 17:45:25,785 3102114 [           main] ERROR       org.hibernate.hql.PARSER  - line 3:1: unexpected token: WHEREp
2017-01-20 17:45:30,317 3106646 [           main] ERROR       org.hibernate.hql.PARSER  - line 3:32: unexpected token: ,
2017-01-20 17:45:35,919 3112248 [           main] ERROR       org.hibernate.hql.PARSER  - line 4:1: unexpected token: GROUP
2017-01-20 17:45:35,919 3112248 [           main] ERROR       org.hibernate.hql.PARSER  - line 4:26: unexpected token: ,
2017-01-20 17:45:43,002 3119331 [           main] ERROR       org.hibernate.hql.PARSER  - line 4:1: unexpected token: GROUP
2017-01-20 17:45:43,003 3119332 [           main] ERROR       org.hibernate.hql.PARSER  - line 4:26: unexpected token: ,
2017-01-20 17:48:56,650 3312979 [           main] ERROR       org.hibernate.hql.PARSER  - line 1:7: unexpected token: null
2017-01-20 17:49:00,709 3317038 [           main] ERROR       org.hibernate.hql.PARSER  - <AST>:0:0: unexpected end of subtree
2017-01-20 17:49:14,868 3331197 [           main] ERROR       org.hibernate.hql.PARSER  - line 1:19: unexpected token: profesor
2017-01-20 17:49:14,868 3331197 [           main] WARN  rg.hibernate.hql.ast.HqlParser  - processEqualityExpression() : No expression to process!
2017-01-20 17:50:58,526 3434855 [           main] ERROR       org.hibernate.hql.PARSER  - line 1:2: unexpected token: COUNT
2017-01-20 17:51:18,274 3454603 [           main] ERROR       org.hibernate.hql.PARSER  - line 1:14: expecting IDENT, found ')'
2017-01-20 17:51:18,274 3454603 [           main] ERROR       org.hibernate.hql.PARSER  - line 2:1: expecting CLOSE, found 'FROM'
2017-01-20 17:51:18,274 3454603 [           main] ERROR       org.hibernate.hql.PARSER  - line 2:22: unexpected token: p
2017-01-20 17:51:18,274 3454603 [           main] WARN  rg.hibernate.hql.ast.HqlParser  - processEqualityExpression() : No expression to process!
2017-01-20 17:51:24,352 3460681 [           main] ERROR       org.hibernate.hql.PARSER  - line 1:14: expecting IDENT, found ')'
2017-01-20 17:51:24,352 3460681 [           main] ERROR       org.hibernate.hql.PARSER  - line 2:1: expecting CLOSE, found 'FROM'
2017-01-20 17:51:24,352 3460681 [           main] WARN  rg.hibernate.hql.ast.HqlParser  - processEqualityExpression() : No expression to process!
2017-01-20 17:51:25,368 3461697 [           main] ERROR       org.hibernate.hql.PARSER  - line 1:14: expecting IDENT, found ')'
2017-01-20 17:51:25,368 3461697 [           main] ERROR       org.hibernate.hql.PARSER  - line 2:1: expecting CLOSE, found 'FROM'
2017-01-20 17:51:25,368 3461697 [           main] WARN  rg.hibernate.hql.ast.HqlParser  - processEqualityExpression() : No expression to process!
2017-01-20 17:51:28,396 3464725 [           main] ERROR       org.hibernate.hql.PARSER  - line 1:14: expecting IDENT, found ')'
2017-01-20 17:51:28,396 3464725 [           main] ERROR       org.hibernate.hql.PARSER  - line 2:1: expecting CLOSE, found 'FROM'
2017-01-20 17:51:28,396 3464725 [           main] WARN  rg.hibernate.hql.ast.HqlParser  - processEqualityExpression() : No expression to process!
2017-01-20 17:51:31,414 3467743 [           main] ERROR       org.hibernate.hql.PARSER  - line 1:14: expecting IDENT, found ')'
2017-01-20 17:51:31,414 3467743 [           main] ERROR       org.hibernate.hql.PARSER  - line 2:1: expecting CLOSE, found 'FROM'
2017-01-20 17:51:31,414 3467743 [           main] WARN  rg.hibernate.hql.ast.HqlParser  - processEqualityExpression() : No expression to process!
2017-01-20 17:51:41,054 3477383 [           main] ERROR       org.hibernate.hql.PARSER  - line 1:14: expecting IDENT, found ')'
2017-01-20 17:51:41,054 3477383 [           main] ERROR       org.hibernate.hql.PARSER  - line 2:1: expecting CLOSE, found 'FROM'
2017-01-20 17:51:43,055 3479384 [           main] ERROR       org.hibernate.hql.PARSER  - line 1:14: expecting IDENT, found ')'
2017-01-20 17:51:43,055 3479384 [           main] ERROR       org.hibernate.hql.PARSER  - line 2:1: expecting CLOSE, found 'FROM'
2017-01-20 17:51:43,055 3479384 [           main] ERROR       org.hibernate.hql.PARSER  - line 2:29: unexpected token: o
2017-01-20 17:51:43,055 3479384 [           main] WARN  rg.hibernate.hql.ast.HqlParser  - processEqualityExpression() : No expression to process!
2017-01-20 17:51:43,055 3479384 [           main] ERROR       org.hibernate.hql.PARSER  - line 2:32: unexpected token: null
2017-01-20 17:51:49,138 3485467 [           main] ERROR       org.hibernate.hql.PARSER  - line 1:14: expecting IDENT, found ')'
2017-01-20 17:51:49,138 3485467 [           main] ERROR       org.hibernate.hql.PARSER  - line 2:1: expecting CLOSE, found 'FROM'
2017-01-20 17:51:49,138 3485467 [           main] ERROR       org.hibernate.hql.PARSER  - line 2:29: unexpected token: o
2017-01-20 17:51:49,138 3485467 [           main] WARN  rg.hibernate.hql.ast.HqlParser  - processEqualityExpression() : No expression to process!
2017-01-20 17:51:49,138 3485467 [           main] ERROR       org.hibernate.hql.PARSER  - line 2:47: unexpected token: h
2017-01-20 17:51:49,138 3485467 [           main] WARN  rg.hibernate.hql.ast.HqlParser  - processEqualityExpression() : No expression to process!
2017-01-20 17:51:49,138 3485467 [           main] ERROR       org.hibernate.hql.PARSER  - line 2:50: unexpected token: null
2017-01-20 17:51:52,682 3489011 [           main] ERROR       org.hibernate.hql.PARSER  - line 1:14: expecting IDENT, found ')'
2017-01-20 17:51:52,683 3489012 [           main] ERROR       org.hibernate.hql.PARSER  - line 2:1: expecting CLOSE, found 'FROM'
2017-01-20 17:51:52,683 3489012 [           main] ERROR       org.hibernate.hql.PARSER  - line 2:29: unexpected token: o
2017-01-20 17:51:52,683 3489012 [           main] WARN  rg.hibernate.hql.ast.HqlParser  - processEqualityExpression() : No expression to process!
2017-01-20 17:51:52,683 3489012 [           main] ERROR       org.hibernate.hql.PARSER  - line 2:47: unexpected token: h
2017-01-20 17:51:52,683 3489012 [           main] WARN  rg.hibernate.hql.ast.HqlParser  - processEqualityExpression() : No expression to process!
2017-01-20 17:51:52,684 3489013 [           main] ERROR       org.hibernate.hql.PARSER  - line 2:68: unexpected token: a
2017-01-20 17:51:52,684 3489013 [           main] WARN  rg.hibernate.hql.ast.HqlParser  - processEqualityExpression() : No expression to process!
2017-01-20 17:52:00,280 3496609 [           main] ERROR       org.hibernate.hql.PARSER  - line 1:14: expecting IDENT, found ')'
2017-01-20 17:52:00,280 3496609 [           main] ERROR       org.hibernate.hql.PARSER  - line 2:1: expecting CLOSE, found 'FROM'
2017-01-20 17:52:00,280 3496609 [           main] ERROR       org.hibernate.hql.PARSER  - line 2:29: unexpected token: o
2017-01-20 17:52:00,280 3496609 [           main] WARN  rg.hibernate.hql.ast.HqlParser  - processEqualityExpression() : No expression to process!
2017-01-20 17:52:00,280 3496609 [           main] ERROR       org.hibernate.hql.PARSER  - line 2:47: unexpected token: h
2017-01-20 17:52:00,280 3496609 [           main] WARN  rg.hibernate.hql.ast.HqlParser  - processEqualityExpression() : No expression to process!
2017-01-20 17:52:00,280 3496609 [           main] ERROR       org.hibernate.hql.PARSER  - line 2:49: unexpected token: JOIN
2017-01-20 17:52:00,280 3496609 [           main] ERROR       org.hibernate.hql.PARSER  - line 2:74: unexpected token: a
2017-01-20 17:52:00,280 3496609 [           main] WARN  rg.hibernate.hql.ast.HqlParser  - processEqualityExpression() : No expression to process!
2017-01-20 17:52:08,377 3504706 [           main] ERROR       org.hibernate.hql.PARSER  - line 1:14: expecting IDENT, found ')'
2017-01-20 17:52:08,377 3504706 [           main] ERROR       org.hibernate.hql.PARSER  - line 2:1: expecting CLOSE, found 'FROM'
2017-01-20 17:52:08,378 3504707 [           main] ERROR       org.hibernate.hql.PARSER  - line 2:29: unexpected token: o
2017-01-20 17:52:08,378 3504707 [           main] WARN  rg.hibernate.hql.ast.HqlParser  - processEqualityExpression() : No expression to process!
2017-01-20 17:52:08,378 3504707 [           main] ERROR       org.hibernate.hql.PARSER  - line 2:47: unexpected token: h
2017-01-20 17:52:08,378 3504707 [           main] WARN  rg.hibernate.hql.ast.HqlParser  - processEqualityExpression() : No expression to process!
2017-01-20 17:52:08,378 3504707 [           main] ERROR       org.hibernate.hql.PARSER  - line 2:49: unexpected token: JOIN
2017-01-20 17:52:08,379 3504708 [           main] ERROR       org.hibernate.hql.PARSER  - line 2:76: unexpected token: a
2017-01-20 17:52:08,379 3504708 [           main] WARN  rg.hibernate.hql.ast.HqlParser  - processEqualityExpression() : No expression to process!
2017-01-20 17:52:52,999 3549328 [           main] ERROR       org.hibernate.hql.PARSER  - line 1:14: expecting IDENT, found ')'
2017-01-20 17:52:52,999 3549328 [           main] ERROR       org.hibernate.hql.PARSER  - line 2:1: expecting CLOSE, found 'FROM'
2017-01-20 17:52:52,999 3549328 [           main] ERROR       org.hibernate.hql.PARSER  - line 2:21: unexpected token: h
2017-01-20 17:52:52,999 3549328 [           main] WARN  rg.hibernate.hql.ast.HqlParser  - processEqualityExpression() : No expression to process!
2017-01-20 17:52:52,999 3549328 [           main] ERROR       org.hibernate.hql.PARSER  - line 2:23: unexpected token: JOIN
2017-01-20 17:52:52,999 3549328 [           main] ERROR       org.hibernate.hql.PARSER  - line 2:50: unexpected token: a
2017-01-20 17:52:52,999 3549328 [           main] WARN  rg.hibernate.hql.ast.HqlParser  - processEqualityExpression() : No expression to process!
2017-01-20 17:53:04,648 3560977 [           main] ERROR       org.hibernate.hql.PARSER  - line 1:14: expecting IDENT, found ')'
2017-01-20 17:53:04,648 3560977 [           main] ERROR       org.hibernate.hql.PARSER  - line 2:1: expecting CLOSE, found 'FROM'
2017-01-20 17:53:04,648 3560977 [           main] ERROR       org.hibernate.hql.PARSER  - line 2:24: unexpected token: h
2017-01-20 17:53:04,648 3560977 [           main] WARN  rg.hibernate.hql.ast.HqlParser  - processEqualityExpression() : No expression to process!
2017-01-20 17:53:04,648 3560977 [           main] ERROR       org.hibernate.hql.PARSER  - line 2:26: unexpected token: JOIN
2017-01-20 17:53:04,648 3560977 [           main] ERROR       org.hibernate.hql.PARSER  - line 2:53: unexpected token: a
2017-01-20 17:53:04,648 3560977 [           main] WARN  rg.hibernate.hql.ast.HqlParser  - processEqualityExpression() : No expression to process!
2017-01-20 17:53:06,165 3562494 [           main] ERROR       org.hibernate.hql.PARSER  - line 1:14: expecting IDENT, found ')'
2017-01-20 17:53:06,165 3562494 [           main] ERROR       org.hibernate.hql.PARSER  - line 2:1: expecting CLOSE, found 'FROM'
2017-01-20 17:53:06,165 3562494 [           main] ERROR       org.hibernate.hql.PARSER  - line 2:24: unexpected token: a
2017-01-20 17:53:06,165 3562494 [           main] WARN  rg.hibernate.hql.ast.HqlParser  - processEqualityExpression() : No expression to process!
2017-01-20 17:53:06,165 3562494 [           main] ERROR       org.hibernate.hql.PARSER  - line 2:26: unexpected token: JOIN
2017-01-20 17:53:06,165 3562494 [           main] ERROR       org.hibernate.hql.PARSER  - line 2:53: unexpected token: a
2017-01-20 17:53:06,165 3562494 [           main] WARN  rg.hibernate.hql.ast.HqlParser  - processEqualityExpression() : No expression to process!
2017-01-20 17:53:08,181 3564510 [           main] ERROR       org.hibernate.hql.PARSER  - line 1:14: expecting IDENT, found ')'
2017-01-20 17:53:08,181 3564510 [           main] ERROR       org.hibernate.hql.PARSER  - line 2:1: expecting CLOSE, found 'FROM'
2017-01-20 17:53:08,181 3564510 [           main] ERROR       org.hibernate.hql.PARSER  - line 2:24: unexpected token: a
2017-01-20 17:53:08,181 3564510 [           main] WARN  rg.hibernate.hql.ast.HqlParser  - processEqualityExpression() : No expression to process!
2017-01-20 17:53:08,181 3564510 [           main] ERROR       org.hibernate.hql.PARSER  - line 2:26: unexpected token: JOIN
2017-01-20 17:53:08,181 3564510 [           main] ERROR       org.hibernate.hql.PARSER  - line 2:53: unexpected token: a
2017-01-20 17:53:08,181 3564510 [           main] WARN  rg.hibernate.hql.ast.HqlParser  - processEqualityExpression() : No expression to process!
2017-01-20 17:53:19,311 3575640 [           main] ERROR       org.hibernate.hql.PARSER  - line 1:14: expecting IDENT, found ')'
2017-01-20 17:53:19,311 3575640 [           main] ERROR       org.hibernate.hql.PARSER  - line 2:1: expecting CLOSE, found 'FROM'
2017-01-20 17:53:19,311 3575640 [           main] ERROR       org.hibernate.hql.PARSER  - line 2:24: unexpected token: a
2017-01-20 17:53:19,311 3575640 [           main] WARN  rg.hibernate.hql.ast.HqlParser  - processEqualityExpression() : No expression to process!
2017-01-20 17:53:19,311 3575640 [           main] ERROR       org.hibernate.hql.PARSER  - line 2:26: unexpected token: JOIN
2017-01-20 17:53:19,311 3575640 [           main] ERROR       org.hibernate.hql.PARSER  - line 2:61: unexpected token: a
2017-01-20 17:53:19,311 3575640 [           main] WARN  rg.hibernate.hql.ast.HqlParser  - processEqualityExpression() : No expression to process!
2017-01-20 17:53:27,848 3584177 [           main] ERROR       org.hibernate.hql.PARSER  - line 1:14: expecting IDENT, found ')'
2017-01-20 17:53:27,848 3584177 [           main] ERROR       org.hibernate.hql.PARSER  - line 2:1: expecting CLOSE, found 'FROM'
2017-01-20 17:53:27,848 3584177 [           main] ERROR       org.hibernate.hql.PARSER  - line 2:24: unexpected token: a
2017-01-20 17:53:27,848 3584177 [           main] WARN  rg.hibernate.hql.ast.HqlParser  - processEqualityExpression() : No expression to process!
2017-01-20 17:53:31,417 3587746 [           main] ERROR       org.hibernate.hql.PARSER  - line 1:14: expecting IDENT, found ')'
2017-01-20 17:53:31,417 3587746 [           main] ERROR       org.hibernate.hql.PARSER  - line 2:1: expecting CLOSE, found 'FROM'
2017-01-20 17:53:31,417 3587746 [           main] ERROR       org.hibernate.hql.PARSER  - line 2:24: unexpected token: a
2017-01-20 17:53:31,417 3587746 [           main] WARN  rg.hibernate.hql.ast.HqlParser  - processEqualityExpression() : No expression to process!
2017-01-20 17:53:31,417 3587746 [           main] ERROR       org.hibernate.hql.PARSER  - line 3:6: expecting "by", found 'null'
2017-01-20 17:53:32,934 3589263 [           main] ERROR       org.hibernate.hql.PARSER  - line 1:14: expecting IDENT, found ')'
2017-01-20 17:53:32,936 3589265 [           main] ERROR       org.hibernate.hql.PARSER  - line 2:1: expecting CLOSE, found 'FROM'
2017-01-20 17:53:32,937 3589266 [           main] ERROR       org.hibernate.hql.PARSER  - line 2:24: unexpected token: a
2017-01-20 17:53:32,937 3589266 [           main] WARN  rg.hibernate.hql.ast.HqlParser  - processEqualityExpression() : No expression to process!
2017-01-20 17:53:32,937 3589266 [           main] ERROR       org.hibernate.hql.PARSER  - line 3:9: unexpected token: null
2017-01-20 17:53:34,450 3590779 [           main] ERROR       org.hibernate.hql.PARSER  - line 1:14: expecting IDENT, found ')'
2017-01-20 17:53:34,450 3590779 [           main] ERROR       org.hibernate.hql.PARSER  - line 2:1: expecting CLOSE, found 'FROM'
2017-01-20 17:53:34,450 3590779 [           main] ERROR       org.hibernate.hql.PARSER  - line 2:24: unexpected token: a
2017-01-20 17:53:34,450 3590779 [           main] WARN  rg.hibernate.hql.ast.HqlParser  - processEqualityExpression() : No expression to process!
2017-01-20 17:53:34,450 3590779 [           main] ERROR       org.hibernate.hql.PARSER  - line 3:9: unexpected token: null
2017-01-20 17:53:35,466 3591795 [           main] ERROR       org.hibernate.hql.PARSER  - line 1:14: expecting IDENT, found ')'
2017-01-20 17:53:35,466 3591795 [           main] ERROR       org.hibernate.hql.PARSER  - line 2:1: expecting CLOSE, found 'FROM'
2017-01-20 17:53:35,466 3591795 [           main] ERROR       org.hibernate.hql.PARSER  - line 2:24: unexpected token: a
2017-01-20 17:53:35,466 3591795 [           main] WARN  rg.hibernate.hql.ast.HqlParser  - processEqualityExpression() : No expression to process!
2017-01-20 17:53:35,466 3591795 [           main] ERROR       org.hibernate.hql.PARSER  - line 3:9: unexpected token: null
2017-01-20 17:53:36,995 3593324 [           main] ERROR       org.hibernate.hql.PARSER  - line 1:14: expecting IDENT, found ')'
2017-01-20 17:53:36,995 3593324 [           main] ERROR       org.hibernate.hql.PARSER  - line 2:1: expecting CLOSE, found 'FROM'
2017-01-20 17:53:36,995 3593324 [           main] ERROR       org.hibernate.hql.PARSER  - line 2:24: unexpected token: a
2017-01-20 17:53:36,995 3593324 [           main] WARN  rg.hibernate.hql.ast.HqlParser  - processEqualityExpression() : No expression to process!
2017-01-20 17:53:36,996 3593325 [           main] ERROR       org.hibernate.hql.PARSER  - line 3:10: unexpected token: null
2017-01-20 17:53:38,015 3594344 [           main] ERROR       org.hibernate.hql.PARSER  - line 1:14: expecting IDENT, found ')'
2017-01-20 17:53:38,015 3594344 [           main] ERROR       org.hibernate.hql.PARSER  - line 2:1: expecting CLOSE, found 'FROM'
2017-01-20 17:53:38,015 3594344 [           main] ERROR       org.hibernate.hql.PARSER  - line 2:24: unexpected token: a
2017-01-20 17:53:38,015 3594344 [           main] WARN  rg.hibernate.hql.ast.HqlParser  - processEqualityExpression() : No expression to process!
2017-01-20 17:53:38,015 3594344 [           main] ERROR       org.hibernate.hql.PARSER  - line 3:12: expecting IDENT, found 'null'
2017-01-20 17:53:38,015 3594344 [           main] WARN  rg.hibernate.hql.ast.HqlParser  - processEqualityExpression() : No expression to process!
2017-01-20 17:53:38,963 3595292 [           main] ERROR       org.hibernate.hql.PARSER  - line 1:14: expecting IDENT, found ')'
2017-01-20 17:53:38,963 3595292 [           main] ERROR       org.hibernate.hql.PARSER  - line 2:1: expecting CLOSE, found 'FROM'
2017-01-20 17:53:38,963 3595292 [           main] ERROR       org.hibernate.hql.PARSER  - line 2:24: unexpected token: a
2017-01-20 17:53:38,963 3595292 [           main] WARN  rg.hibernate.hql.ast.HqlParser  - processEqualityExpression() : No expression to process!
2017-01-20 17:53:39,516 3595845 [           main] ERROR       org.hibernate.hql.PARSER  - line 1:14: expecting IDENT, found ')'
2017-01-20 17:53:39,516 3595845 [           main] ERROR       org.hibernate.hql.PARSER  - line 2:1: expecting CLOSE, found 'FROM'
2017-01-20 17:53:39,516 3595845 [           main] ERROR       org.hibernate.hql.PARSER  - line 2:24: unexpected token: a
2017-01-20 17:53:39,516 3595845 [           main] WARN  rg.hibernate.hql.ast.HqlParser  - processEqualityExpression() : No expression to process!
2017-01-20 17:53:40,518 3596847 [           main] ERROR       org.hibernate.hql.PARSER  - line 1:14: expecting IDENT, found ')'
2017-01-20 17:53:40,518 3596847 [           main] ERROR       org.hibernate.hql.PARSER  - line 2:1: expecting CLOSE, found 'FROM'
2017-01-20 17:53:40,518 3596847 [           main] ERROR       org.hibernate.hql.PARSER  - line 2:24: unexpected token: a
2017-01-20 17:53:40,518 3596847 [           main] WARN  rg.hibernate.hql.ast.HqlParser  - processEqualityExpression() : No expression to process!
2017-01-20 17:53:42,019 3598348 [           main] ERROR       org.hibernate.hql.PARSER  - line 1:14: expecting IDENT, found ')'
2017-01-20 17:53:42,019 3598348 [           main] ERROR       org.hibernate.hql.PARSER  - line 2:1: expecting CLOSE, found 'FROM'
2017-01-20 17:53:42,019 3598348 [           main] ERROR       org.hibernate.hql.PARSER  - line 2:24: unexpected token: a
2017-01-20 17:53:42,019 3598348 [           main] WARN  rg.hibernate.hql.ast.HqlParser  - processEqualityExpression() : No expression to process!
2017-01-20 17:53:44,555 3600884 [           main] ERROR       org.hibernate.hql.PARSER  - line 1:14: expecting IDENT, found ')'
2017-01-20 17:53:44,555 3600884 [           main] ERROR       org.hibernate.hql.PARSER  - line 2:1: expecting CLOSE, found 'FROM'
2017-01-20 17:53:44,555 3600884 [           main] ERROR       org.hibernate.hql.PARSER  - line 2:24: unexpected token: a
2017-01-20 17:53:44,555 3600884 [           main] WARN  rg.hibernate.hql.ast.HqlParser  - processEqualityExpression() : No expression to process!
2017-01-20 17:53:44,555 3600884 [           main] ERROR       org.hibernate.hql.PARSER  - line 3:21: expecting IDENT, found 'null'
2017-01-20 17:53:44,555 3600884 [           main] WARN  rg.hibernate.hql.ast.HqlParser  - processEqualityExpression() : No expression to process!
2017-01-20 17:54:19,402 3635731 [           main] ERROR       org.hibernate.hql.PARSER  - line 1:14: expecting IDENT, found ')'
2017-01-20 17:54:19,402 3635731 [           main] ERROR       org.hibernate.hql.PARSER  - line 2:1: expecting CLOSE, found 'FROM'
2017-01-20 17:54:19,402 3635731 [           main] ERROR       org.hibernate.hql.PARSER  - line 2:24: unexpected token: a
2017-01-20 17:54:19,402 3635731 [           main] WARN  rg.hibernate.hql.ast.HqlParser  - processEqualityExpression() : No expression to process!
2017-01-20 17:54:21,930 3638259 [           main] ERROR       org.hibernate.hql.PARSER  - line 1:14: expecting IDENT, found ')'
2017-01-20 17:54:21,930 3638259 [           main] ERROR       org.hibernate.hql.PARSER  - line 2:1: expecting CLOSE, found 'FROM'
2017-01-20 17:54:21,930 3638259 [           main] ERROR       org.hibernate.hql.PARSER  - line 2:24: unexpected token: a
2017-01-20 17:54:21,930 3638259 [           main] WARN  rg.hibernate.hql.ast.HqlParser  - processEqualityExpression() : No expression to process!
2017-01-20 17:54:21,930 3638259 [           main] ERROR       org.hibernate.hql.PARSER  - line 3:21: expecting IDENT, found 'null'
2017-01-20 17:54:21,930 3638259 [           main] WARN  rg.hibernate.hql.ast.HqlParser  - processEqualityExpression() : No expression to process!
2017-01-20 17:54:31,539 3647868 [           main] ERROR       org.hibernate.hql.PARSER  - line 1:14: expecting IDENT, found ')'
2017-01-20 17:54:31,539 3647868 [           main] ERROR       org.hibernate.hql.PARSER  - line 2:1: expecting CLOSE, found 'FROM'
2017-01-20 17:54:31,539 3647868 [           main] ERROR       org.hibernate.hql.PARSER  - line 2:24: unexpected token: a
2017-01-20 17:54:31,539 3647868 [           main] WARN  rg.hibernate.hql.ast.HqlParser  - processEqualityExpression() : No expression to process!
2017-01-20 17:54:33,044 3649373 [           main] ERROR       org.hibernate.hql.PARSER  - line 1:14: expecting IDENT, found ')'
2017-01-20 17:54:33,044 3649373 [           main] ERROR       org.hibernate.hql.PARSER  - line 2:1: expecting CLOSE, found 'FROM'
2017-01-20 17:54:33,044 3649373 [           main] ERROR       org.hibernate.hql.PARSER  - line 2:24: unexpected token: a
2017-01-20 17:54:33,044 3649373 [           main] WARN  rg.hibernate.hql.ast.HqlParser  - processEqualityExpression() : No expression to process!
2017-01-20 17:54:33,044 3649373 [           main] ERROR       org.hibernate.hql.PARSER  - line 3:27: expecting IDENT, found 'null'
2017-01-20 17:54:33,044 3649373 [           main] WARN  rg.hibernate.hql.ast.HqlParser  - processEqualityExpression() : No expression to process!
2017-01-20 17:54:38,086 3654415 [           main] ERROR       org.hibernate.hql.PARSER  - line 1:14: expecting IDENT, found ')'
2017-01-20 17:54:38,086 3654415 [           main] ERROR       org.hibernate.hql.PARSER  - line 2:1: expecting CLOSE, found 'FROM'
2017-01-20 17:54:38,086 3654415 [           main] ERROR       org.hibernate.hql.PARSER  - line 2:24: unexpected token: a
2017-01-20 17:54:38,086 3654415 [           main] WARN  rg.hibernate.hql.ast.HqlParser  - processEqualityExpression() : No expression to process!
2017-01-20 17:55:05,436 3681765 [           main] ERROR       org.hibernate.hql.PARSER  -  Path expected for join!
2017-01-20 17:55:09,458 3685787 [           main] ERROR       org.hibernate.hql.PARSER  -  Path expected for join!
2017-01-20 17:55:15,505 3691834 [           main] ERROR       org.hibernate.hql.PARSER  - line 3:1: unexpected token: GROUP
2017-01-20 17:55:16,543 3692872 [           main] ERROR       org.hibernate.hql.PARSER  - line 3:7: unexpected token: BY
2017-01-20 17:55:16,543 3692872 [           main] WARN  rg.hibernate.hql.ast.HqlParser  - processEqualityExpression() : No expression to process!
2017-01-20 17:55:20,556 3696885 [           main] ERROR       org.hibernate.hql.PARSER  - <AST>:2:49: unexpected AST node: .
2017-01-20 17:55:22,079 3698408 [           main] ERROR       org.hibernate.hql.PARSER  - line 3:1: unexpected token: GROUP
2017-01-20 17:55:27,680 3704009 [           main] ERROR       org.hibernate.hql.PARSER  - line 3:1: unexpected token: GROUP
2017-01-20 17:55:32,751 3709080 [           main] ERROR       org.hibernate.hql.PARSER  - line 3:1: unexpected token: GROUP
2017-01-20 17:55:34,768 3711097 [           main] ERROR       org.hibernate.hql.PARSER  - line 3:7: unexpected token: BY
2017-01-20 17:55:49,950 3726279 [           main] ERROR       org.hibernate.hql.PARSER  - line 2:26: unexpected token: /
2017-01-20 17:55:58,040 3734369 [           main] ERROR       org.hibernate.hql.PARSER  - line 2:26: unexpected token: /
2017-01-20 17:56:01,568 3737897 [           main] ERROR       org.hibernate.hql.PARSER  - line 2:26: unexpected token: ''
2017-01-20 17:56:58,797 3795126 [           main] ERROR       org.hibernate.hql.PARSER  - line 3:12: expecting IDENT, found 'null'
2017-01-20 17:56:58,797 3795126 [           main] WARN  rg.hibernate.hql.ast.HqlParser  - processEqualityExpression() : No expression to process!
2017-01-20 17:57:00,334 3796663 [           main] ERROR       org.hibernate.hql.PARSER  - line 3:12: expecting IDENT, found 'null'
2017-01-20 17:57:00,334 3796663 [           main] WARN  rg.hibernate.hql.ast.HqlParser  - processEqualityExpression() : No expression to process!
2017-01-20 17:57:09,937 3806266 [           main] ERROR       org.hibernate.hql.PARSER  - line 3:18: expecting IDENT, found 'null'
2017-01-20 17:57:09,937 3806266 [           main] WARN  rg.hibernate.hql.ast.HqlParser  - processEqualityExpression() : No expression to process!
2017-01-20 17:57:33,408 3829737 [           main] ERROR       org.hibernate.hql.PARSER  - line 3:12: expecting IDENT, found 'null'
2017-01-20 17:57:33,408 3829737 [           main] WARN  rg.hibernate.hql.ast.HqlParser  - processEqualityExpression() : No expression to process!
2017-01-21 17:14:37,512 0      [           main] ERROR       org.hibernate.hql.PARSER  -  Invalid path: 'a.horasSemanales'
2017-01-21 17:14:37,612 100    [           main] ERROR       org.hibernate.hql.PARSER  -  Invalid path: 'a.horasSemanales'
2017-01-21 17:14:37,612 100    [           main] ERROR       org.hibernate.hql.PARSER  -  right-hand operand of a binary operator was null
2017-01-21 17:15:00,663 23151  [           main] ERROR       org.hibernate.hql.PARSER  -  Invalid path: 'a.horasSemanales'
2017-01-21 17:15:00,663 23151  [           main] ERROR       org.hibernate.hql.PARSER  -  Invalid path: 'a.horasSemanales'
2017-01-21 17:15:00,663 23151  [           main] ERROR       org.hibernate.hql.PARSER  -  right-hand operand of a binary operator was null
2017-01-21 18:09:27,989 3290477 [           main] ERROR       org.hibernate.hql.PARSER  - line 3:104: unexpected token: ON
2017-01-21 18:10:01,246 3323734 [           main] ERROR       org.hibernate.hql.PARSER  - line 3:104: unexpected token: ON
2017-01-21 18:10:08,104 3330592 [           main] ERROR       org.hibernate.hql.PARSER  - line 3:104: unexpected token: ON
2017-01-21 18:42:27,753 5270241 [           main] ERROR       org.hibernate.hql.PARSER  -  Path expected for join!
2017-01-21 18:42:35,217 5277705 [           main] ERROR       org.hibernate.hql.PARSER  -  Path expected for join!
2017-01-22 14:10:31,217 0      [           main] ERROR       org.hibernate.hql.PARSER  - line 2:36: unexpected token: JOIN
2017-01-22 14:10:35,667 4450   [           main] ERROR       org.hibernate.hql.PARSER  - line 2:38: unexpected token: JOIN
2017-01-22 14:10:37,672 6455   [           main] ERROR       org.hibernate.hql.PARSER  - line 2:38: unexpected token: JOIN
2017-01-22 14:10:41,426 10209  [           main] ERROR       org.hibernate.hql.PARSER  - line 2:38: unexpected token: JOIN
2017-01-22 14:10:47,669 16452  [           main] ERROR       org.hibernate.hql.PARSER  - line 2:38: unexpected token: JOIN
2017-01-22 14:10:52,689 21472  [           main] ERROR       org.hibernate.hql.PARSER  -  Duplicate definition of alias 'c'
2017-01-22 14:10:53,038 21821  [           main] ERROR       org.hibernate.hql.PARSER  -  Duplicate definition of alias 'c'
2017-01-22 14:11:02,250 31033  [           main] ERROR       org.hibernate.hql.PARSER  -  Duplicate definition of alias 'c'
2017-01-22 14:11:06,335 35118  [           main] WARN  ate.util.JDBCExceptionReporter  - SQL Error: 1054, SQLState: 42S22
2017-01-22 14:11:06,336 35119  [           main] ERROR ate.util.JDBCExceptionReporter  - Unknown column 'reparto0_.CodAsignatura' in 'on clause'
2017-01-22 14:11:35,608 64391  [           main] ERROR       org.hibernate.hql.PARSER  -  Invalid path: 'c.profesor.nombre'
2017-01-22 14:11:35,612 64395  [           main] ERROR       org.hibernate.hql.PARSER  -  Invalid path: 'c.id'
2017-01-22 14:11:35,612 64395  [           main] ERROR       org.hibernate.hql.PARSER  -  right-hand operand of a binary operator was null
2017-01-22 14:11:35,613 64396  [           main] ERROR       org.hibernate.hql.PARSER  - <AST>:0:0: unexpected end of subtree
2017-01-22 14:11:40,614 69397  [           main] ERROR       org.hibernate.hql.PARSER  -  Invalid path: 'c.profesor.nombre'
2017-01-22 14:11:40,621 69404  [           main] ERROR       org.hibernate.hql.PARSER  -  Invalid path: 'c.id'
2017-01-22 14:11:40,621 69404  [           main] ERROR       org.hibernate.hql.PARSER  -  right-hand operand of a binary operator was null
2017-01-22 14:11:40,621 69404  [           main] ERROR       org.hibernate.hql.PARSER  - <AST>:0:0: unexpected end of subtree
2017-01-22 14:11:43,090 71873  [           main] ERROR       org.hibernate.hql.PARSER  - line 3:1: unexpected token: WHERE
2017-01-22 14:14:49,834 258617 [           main] ERROR       org.hibernate.hql.PARSER  -  Invalid path: 'a.id.codAsignatura'
2017-01-22 14:14:49,839 258622 [           main] ERROR       org.hibernate.hql.PARSER  -  Invalid path: 'a.horasSemanales'
2017-01-22 14:14:56,765 265548 [           main] WARN  ate.util.JDBCExceptionReporter  - SQL Error: 1054, SQLState: 42S22
2017-01-22 14:14:56,765 265548 [           main] ERROR ate.util.JDBCExceptionReporter  - Unknown column 'reparto0_.CodAsignatura' in 'on clause'
2017-01-22 14:15:04,595 273378 [           main] WARN  ate.util.JDBCExceptionReporter  - SQL Error: 1054, SQLState: 42S22
2017-01-22 14:15:04,596 273379 [           main] ERROR ate.util.JDBCExceptionReporter  - Unknown column 'reparto0_.CodAsignatura' in 'on clause'
2017-01-22 14:17:23,030 411813 [           main] ERROR       org.hibernate.hql.PARSER  - line 2:1: expecting CLOSE, found 'FROM'
2017-01-22 14:17:23,031 411814 [           main] ERROR       org.hibernate.hql.PARSER  - line 2:24: unexpected token: a
2017-01-22 14:17:23,031 411814 [           main] WARN  rg.hibernate.hql.ast.HqlParser  - processEqualityExpression() : No expression to process!
2017-01-22 14:17:23,031 411814 [           main] ERROR       org.hibernate.hql.PARSER  - line 2:42: unexpected token: r
2017-01-22 14:17:23,032 411815 [           main] WARN  rg.hibernate.hql.ast.HqlParser  - processEqualityExpression() : No expression to process!
2017-01-22 14:18:08,078 456861 [           main] ERROR       org.hibernate.hql.PARSER  - line 3:63: unexpected token: dam
2017-01-22 14:18:21,590 470373 [           main] ERROR       org.hibernate.hql.PARSER  -  Invalid path: 'a.horasSemanales'
2017-01-22 14:18:21,595 470378 [           main] ERROR       org.hibernate.hql.PARSER  -  Invalid path: 'a.codAsignatura'
2017-01-22 14:18:21,596 470379 [           main] ERROR       org.hibernate.hql.PARSER  - <AST>:0:0: unexpected end of subtree
2017-01-22 14:18:21,596 470379 [           main] ERROR       org.hibernate.hql.PARSER  -  left-hand operand of a binary operator was null
2017-01-22 14:18:21,596 470379 [           main] ERROR       org.hibernate.hql.PARSER  - <AST>:0:0: unexpected end of subtree
2017-01-22 14:18:27,610 476393 [           main] ERROR       org.hibernate.hql.PARSER  -  Invalid path: 'a.horasSemanales'
2017-01-22 14:18:27,611 476394 [           main] ERROR       org.hibernate.hql.PARSER  -  Invalid path: 'a.codAsignatura'
2017-01-22 14:18:27,612 476395 [           main] ERROR       org.hibernate.hql.PARSER  - <AST>:0:0: unexpected end of subtree
2017-01-22 14:18:27,612 476395 [           main] ERROR       org.hibernate.hql.PARSER  -  left-hand operand of a binary operator was null
2017-01-22 14:18:27,612 476395 [           main] ERROR       org.hibernate.hql.PARSER  - <AST>:0:0: unexpected end of subtree
2017-01-22 14:20:52,368 621151 [           main] ERROR       org.hibernate.hql.PARSER  -  Invalid path: 'asi.horasSemanales'
2017-01-22 14:20:52,370 621153 [           main] ERROR       org.hibernate.hql.PARSER  -  Invalid path: 'asi.codAsignatura'
2017-01-22 14:20:52,370 621153 [           main] ERROR       org.hibernate.hql.PARSER  - <AST>:0:0: unexpected end of subtree
2017-01-22 14:20:52,370 621153 [           main] ERROR       org.hibernate.hql.PARSER  -  left-hand operand of a binary operator was null
2017-01-22 14:20:52,370 621153 [           main] ERROR       org.hibernate.hql.PARSER  - <AST>:0:0: unexpected end of subtree
2017-01-22 14:21:00,356 629139 [           main] ERROR       org.hibernate.hql.PARSER  - line 4:61: unexpected token: AND
2017-01-22 14:21:03,357 632140 [           main] ERROR       org.hibernate.hql.PARSER  - line 4:68: unexpected token: .
2017-01-22 14:21:06,358 635141 [           main] ERROR       org.hibernate.hql.PARSER  - line 4:75: unexpected token: AND
2017-01-22 14:21:07,358 636141 [           main] ERROR       org.hibernate.hql.PARSER  - line 4:77: unexpected token: AND
2017-01-22 14:21:11,497 640280 [           main] ERROR       org.hibernate.hql.PARSER  - line 4:77: unexpected token: AND
2017-01-22 14:21:16,372 645155 [           main] ERROR       org.hibernate.hql.PARSER  - line 4:77: unexpected token: AND
2017-01-22 14:21:35,882 664665 [           main] ERROR       org.hibernate.hql.PARSER  - line 4:77: unexpected token: AND
2017-01-22 14:21:37,384 666167 [           main] ERROR       org.hibernate.hql.PARSER  - line 4:77: unexpected token: AND
2017-01-22 14:21:38,884 667667 [           main] ERROR       org.hibernate.hql.PARSER  - line 4:77: unexpected token: AND
2017-01-22 14:21:40,383 669166 [           main] ERROR       org.hibernate.hql.PARSER  - line 4:77: unexpected token: AND
2017-01-22 14:21:45,385 674168 [           main] ERROR       org.hibernate.hql.PARSER  - line 2:226: unexpected token: dam
2017-01-22 14:21:46,885 675668 [           main] ERROR       org.hibernate.hql.PARSER  - line 2:231: unexpected token: dam
2017-01-22 14:21:48,885 677668 [           main] ERROR       org.hibernate.hql.PARSER  - line 2:229: unexpected token: dam
2017-01-22 14:21:49,750 678533 [           main] ERROR       org.hibernate.hql.PARSER  - line 2:229: unexpected token: dam
2017-01-22 14:21:54,501 683284 [           main] ERROR       org.hibernate.hql.PARSER  - line 2:229: unexpected token: dam
2017-01-22 14:21:58,391 687174 [           main] ERROR       org.hibernate.hql.PARSER  - line 4:77: unexpected token: AND
2017-01-22 14:21:59,994 688777 [           main] ERROR       org.hibernate.hql.PARSER  - line 4:77: unexpected token: AND
2017-01-22 14:23:24,854 773637 [           main] ERROR       org.hibernate.hql.PARSER  - line 4:77: unexpected token: AND
2017-01-22 14:23:33,156 781939 [           main] ERROR       org.hibernate.hql.PARSER  - line 4:77: unexpected token: AND
2017-01-22 14:24:15,381 824164 [           main] ERROR       org.hibernate.hql.PARSER  - line 4:77: unexpected token: AND
2017-01-22 14:24:45,676 854459 [           main] ERROR       org.hibernate.hql.PARSER  - line 4:77: unexpected token: AND
2017-01-22 14:24:50,601 859384 [           main] ERROR       org.hibernate.hql.PARSER  - line 4:73: unexpected token: AND
2017-01-22 14:24:52,606 861389 [           main] ERROR       org.hibernate.hql.PARSER  - line 4:64: unexpected token: AND
2017-01-22 14:24:55,628 864411 [           main] ERROR       org.hibernate.hql.PARSER  -  Invalid path: 'asi.horasSemanales'
2017-01-22 14:24:55,631 864414 [           main] ERROR       org.hibernate.hql.PARSER  -  Invalid path: 'asi.codAsignatura'
2017-01-22 14:24:55,631 864414 [           main] ERROR       org.hibernate.hql.PARSER  - <AST>:0:0: unexpected end of subtree
2017-01-22 14:24:55,631 864414 [           main] ERROR       org.hibernate.hql.PARSER  -  left-hand operand of a binary operator was null
2017-01-22 14:24:55,631 864414 [           main] ERROR       org.hibernate.hql.PARSER  - <AST>:0:0: unexpected end of subtree
2017-01-22 14:25:00,107 868890 [           main] ERROR       org.hibernate.hql.PARSER  - line 4:126: unexpected token: GROUP
2017-01-22 14:25:02,626 871409 [           main] ERROR       org.hibernate.hql.PARSER  -  Invalid path: 'asi.horasSemanales'
2017-01-22 14:25:02,628 871411 [           main] ERROR       org.hibernate.hql.PARSER  -  Invalid path: 'asi.codAsignatura'
2017-01-22 14:25:02,628 871411 [           main] ERROR       org.hibernate.hql.PARSER  - <AST>:0:0: unexpected end of subtree
2017-01-22 14:25:02,628 871411 [           main] ERROR       org.hibernate.hql.PARSER  -  left-hand operand of a binary operator was null
2017-01-22 14:25:02,628 871411 [           main] ERROR       org.hibernate.hql.PARSER  - <AST>:0:0: unexpected end of subtree
2017-01-22 14:25:05,612 874395 [           main] ERROR       org.hibernate.hql.PARSER  - line 2:257: unexpected token: dam
2017-01-22 14:25:06,612 875395 [           main] ERROR       org.hibernate.hql.PARSER  - line 2:260: unexpected token: dam
2017-01-22 14:25:07,630 876413 [           main] ERROR       org.hibernate.hql.PARSER  -  Invalid path: 'asi.horasSemanales'
2017-01-22 14:25:07,634 876417 [           main] ERROR       org.hibernate.hql.PARSER  -  Invalid path: 'asi.codAsignatura'
2017-01-22 14:25:07,634 876417 [           main] ERROR       org.hibernate.hql.PARSER  - <AST>:0:0: unexpected end of subtree
2017-01-22 14:25:07,634 876417 [           main] ERROR       org.hibernate.hql.PARSER  -  left-hand operand of a binary operator was null
2017-01-22 14:25:07,634 876417 [           main] ERROR       org.hibernate.hql.PARSER  - <AST>:0:0: unexpected end of subtree
2017-01-22 14:25:08,227 877010 [           main] ERROR       org.hibernate.hql.PARSER  -  Invalid path: 'asi.horasSemanales'
2017-01-22 14:25:08,229 877012 [           main] ERROR       org.hibernate.hql.PARSER  -  Invalid path: 'asi.codAsignatura'
2017-01-22 14:25:08,229 877012 [           main] ERROR       org.hibernate.hql.PARSER  - <AST>:0:0: unexpected end of subtree
2017-01-22 14:25:08,229 877012 [           main] ERROR       org.hibernate.hql.PARSER  -  left-hand operand of a binary operator was null
2017-01-22 14:25:08,229 877012 [           main] ERROR       org.hibernate.hql.PARSER  - <AST>:0:0: unexpected end of subtree
2017-01-22 14:25:11,964 880747 [           main] ERROR       org.hibernate.hql.PARSER  -  Invalid path: 'asi.horasSemanales'
2017-01-22 14:25:11,967 880750 [           main] ERROR       org.hibernate.hql.PARSER  -  Invalid path: 'asi.codAsignatura'
2017-01-22 14:25:11,967 880750 [           main] ERROR       org.hibernate.hql.PARSER  - <AST>:0:0: unexpected end of subtree
2017-01-22 14:25:11,967 880750 [           main] ERROR       org.hibernate.hql.PARSER  -  left-hand operand of a binary operator was null
2017-01-22 14:25:11,967 880750 [           main] ERROR       org.hibernate.hql.PARSER  - <AST>:0:0: unexpected end of subtree
2017-01-22 14:25:14,103 882886 [           main] ERROR       org.hibernate.hql.PARSER  -  Invalid path: 'asi.horasSemanales'
2017-01-22 14:25:14,105 882888 [           main] ERROR       org.hibernate.hql.PARSER  -  Invalid path: 'asi.codAsignatura'
2017-01-22 14:25:14,106 882889 [           main] ERROR       org.hibernate.hql.PARSER  - <AST>:0:0: unexpected end of subtree
2017-01-22 14:25:14,106 882889 [           main] ERROR       org.hibernate.hql.PARSER  -  left-hand operand of a binary operator was null
2017-01-22 14:25:14,106 882889 [           main] ERROR       org.hibernate.hql.PARSER  - <AST>:0:0: unexpected end of subtree
2017-01-22 14:25:14,292 883075 [           main] ERROR       org.hibernate.hql.PARSER  -  Invalid path: 'asi.horasSemanales'
2017-01-22 14:25:14,293 883076 [           main] ERROR       org.hibernate.hql.PARSER  -  Invalid path: 'asi.codAsignatura'
2017-01-22 14:25:14,294 883077 [           main] ERROR       org.hibernate.hql.PARSER  - <AST>:0:0: unexpected end of subtree
2017-01-22 14:25:14,294 883077 [           main] ERROR       org.hibernate.hql.PARSER  -  left-hand operand of a binary operator was null
2017-01-22 14:25:14,294 883077 [           main] ERROR       org.hibernate.hql.PARSER  - <AST>:0:0: unexpected end of subtree
2017-01-22 14:25:18,446 887229 [           main] ERROR       org.hibernate.hql.PARSER  -  Invalid path: 'asi.horasSemanales'
2017-01-22 14:25:18,448 887231 [           main] ERROR       org.hibernate.hql.PARSER  -  Invalid path: 'asi.codAsignatura'
2017-01-22 14:25:18,448 887231 [           main] ERROR       org.hibernate.hql.PARSER  - <AST>:0:0: unexpected end of subtree
2017-01-22 14:25:18,449 887232 [           main] ERROR       org.hibernate.hql.PARSER  -  left-hand operand of a binary operator was null
2017-01-22 14:25:18,449 887232 [           main] ERROR       org.hibernate.hql.PARSER  - <AST>:0:0: unexpected end of subtree
2017-01-22 14:25:22,634 891417 [           main] ERROR       org.hibernate.hql.PARSER  -  Invalid path: 'asi.horasSemanales'
2017-01-22 14:25:22,636 891419 [           main] ERROR       org.hibernate.hql.PARSER  -  Invalid path: 'asi.codAsignatura'
2017-01-22 14:25:22,636 891419 [           main] ERROR       org.hibernate.hql.PARSER  - <AST>:0:0: unexpected end of subtree
2017-01-22 14:25:22,636 891419 [           main] ERROR       org.hibernate.hql.PARSER  -  left-hand operand of a binary operator was null
2017-01-22 14:25:22,637 891420 [           main] ERROR       org.hibernate.hql.PARSER  - <AST>:0:0: unexpected end of subtree
2017-01-22 14:25:24,331 893114 [           main] ERROR       org.hibernate.hql.PARSER  -  Invalid path: 'asi.horasSemanales'
2017-01-22 14:25:24,332 893115 [           main] ERROR       org.hibernate.hql.PARSER  -  Invalid path: 'asi.codAsignatura'
2017-01-22 14:25:24,332 893115 [           main] ERROR       org.hibernate.hql.PARSER  - <AST>:0:0: unexpected end of subtree
2017-01-22 14:25:24,332 893115 [           main] ERROR       org.hibernate.hql.PARSER  -  left-hand operand of a binary operator was null
2017-01-22 14:25:24,332 893115 [           main] ERROR       org.hibernate.hql.PARSER  - <AST>:0:0: unexpected end of subtree
2017-01-22 14:25:26,278 895061 [           main] ERROR       org.hibernate.hql.PARSER  -  Invalid path: 'asi.horasSemanales'
2017-01-22 14:25:26,280 895063 [           main] ERROR       org.hibernate.hql.PARSER  -  Invalid path: 'asi.codAsignatura'
2017-01-22 14:25:26,280 895063 [           main] ERROR       org.hibernate.hql.PARSER  - <AST>:0:0: unexpected end of subtree
2017-01-22 14:25:26,280 895063 [           main] ERROR       org.hibernate.hql.PARSER  -  left-hand operand of a binary operator was null
2017-01-22 14:25:26,281 895064 [           main] ERROR       org.hibernate.hql.PARSER  - <AST>:0:0: unexpected end of subtree
2017-01-22 14:25:28,138 896921 [           main] ERROR       org.hibernate.hql.PARSER  -  Invalid path: 'asi.horasSemanales'
2017-01-22 14:25:28,146 896929 [           main] ERROR       org.hibernate.hql.PARSER  -  Invalid path: 'asi.codAsignatura'
2017-01-22 14:25:28,146 896929 [           main] ERROR       org.hibernate.hql.PARSER  - <AST>:0:0: unexpected end of subtree
2017-01-22 14:25:28,146 896929 [           main] ERROR       org.hibernate.hql.PARSER  -  left-hand operand of a binary operator was null
2017-01-22 14:25:28,146 896929 [           main] ERROR       org.hibernate.hql.PARSER  - <AST>:0:0: unexpected end of subtree
2017-01-22 14:25:28,978 897761 [           main] ERROR       org.hibernate.hql.PARSER  -  Invalid path: 'asi.horasSemanales'
2017-01-22 14:25:28,979 897762 [           main] ERROR       org.hibernate.hql.PARSER  -  Invalid path: 'asi.codAsignatura'
2017-01-22 14:25:28,979 897762 [           main] ERROR       org.hibernate.hql.PARSER  - <AST>:0:0: unexpected end of subtree
2017-01-22 14:25:28,979 897762 [           main] ERROR       org.hibernate.hql.PARSER  -  left-hand operand of a binary operator was null
2017-01-22 14:25:28,979 897762 [           main] ERROR       org.hibernate.hql.PARSER  - <AST>:0:0: unexpected end of subtree
2017-01-22 14:25:32,631 901414 [           main] ERROR       org.hibernate.hql.PARSER  -  Invalid path: 'asi.horasSemanales'
2017-01-22 14:25:32,633 901416 [           main] ERROR       org.hibernate.hql.PARSER  -  Invalid path: 'asi.codAsignatura'
2017-01-22 14:25:32,633 901416 [           main] ERROR       org.hibernate.hql.PARSER  - <AST>:0:0: unexpected end of subtree
2017-01-22 14:25:32,633 901416 [           main] ERROR       org.hibernate.hql.PARSER  -  left-hand operand of a binary operator was null
2017-01-22 14:25:32,633 901416 [           main] ERROR       org.hibernate.hql.PARSER  - <AST>:0:0: unexpected end of subtree
2017-01-22 14:27:06,991 995774 [           main] ERROR       org.hibernate.hql.PARSER  -  Invalid path: 'asi.horasSemanales'
2017-01-22 14:27:06,997 995780 [           main] ERROR       org.hibernate.hql.PARSER  -  Invalid path: 'asi.codAsignatura'
2017-01-22 14:27:06,998 995781 [           main] ERROR       org.hibernate.hql.PARSER  - <AST>:0:0: unexpected end of subtree
2017-01-22 14:27:06,998 995781 [           main] ERROR       org.hibernate.hql.PARSER  -  left-hand operand of a binary operator was null
2017-01-22 14:27:06,998 995781 [           main] ERROR       org.hibernate.hql.PARSER  - <AST>:0:0: unexpected end of subtree
2017-01-22 14:27:14,016 1002799 [           main] ERROR       org.hibernate.hql.PARSER  -  Invalid path: 'asi.horasSemanales'
2017-01-22 14:27:14,990 1003773 [           main] ERROR       org.hibernate.hql.PARSER  -  Invalid path: 'asi.horasSemanales'
2017-01-22 14:27:18,481 1007264 [           main] ERROR       org.hibernate.hql.PARSER  - line 4:70: unexpected token: .
2017-01-22 14:27:19,490 1008273 [           main] ERROR       org.hibernate.hql.PARSER  -  Path expected for join!
2017-01-22 14:27:19,497 1008280 [           main] ERROR       org.hibernate.hql.PARSER  -  Invalid path: 'asi.horasSemanales'
2017-01-22 14:27:20,982 1009765 [           main] ERROR       org.hibernate.hql.PARSER  - line 4:70: unexpected token: .
2017-01-22 14:27:58,002 1046785 [           main] ERROR       org.hibernate.hql.PARSER  - line 2:1: unexpected token: WHEREr
2017-01-22 14:28:07,009 1055792 [           main] ERROR       org.hibernate.hql.PARSER  - line 2:8: unexpected token: .
2017-01-22 14:28:09,023 1057806 [           main] ERROR       org.hibernate.hql.PARSER  -  Invalid path: 'a.horasSemanales'
2017-01-22 14:28:09,023 1057806 [           main] ERROR       org.hibernate.hql.PARSER  - <AST>:0:0: unexpected end of subtree
2017-01-22 14:28:09,024 1057807 [           main] ERROR       org.hibernate.hql.PARSER  -  left-hand operand of a binary operator was null
2017-01-22 14:28:14,524 1063307 [           main] ERROR       org.hibernate.hql.PARSER  -  Invalid path: 'a.horasSemanales'
2017-01-22 14:28:14,525 1063308 [           main] ERROR       org.hibernate.hql.PARSER  - <AST>:0:0: unexpected end of subtree
2017-01-22 14:28:14,525 1063308 [           main] ERROR       org.hibernate.hql.PARSER  -  left-hand operand of a binary operator was null
2017-01-22 14:28:16,465 1065248 [           main] ERROR       org.hibernate.hql.PARSER  -  Invalid path: 'a.horasSemanales'
2017-01-22 14:28:16,465 1065248 [           main] ERROR       org.hibernate.hql.PARSER  - <AST>:0:0: unexpected end of subtree
2017-01-22 14:28:16,465 1065248 [           main] ERROR       org.hibernate.hql.PARSER  -  left-hand operand of a binary operator was null
2017-01-22 14:28:24,180 1072963 [           main] ERROR       org.hibernate.hql.PARSER  -  Invalid path: 'a.horasSemanales'
2017-01-22 14:28:24,180 1072963 [           main] ERROR       org.hibernate.hql.PARSER  - <AST>:0:0: unexpected end of subtree
2017-01-22 14:28:24,180 1072963 [           main] ERROR       org.hibernate.hql.PARSER  -  left-hand operand of a binary operator was null
2017-01-22 14:35:37,849 1506632 [           main] ERROR       org.hibernate.hql.PARSER  -  Invalid path: 'p.codProf'
2017-01-22 14:35:37,855 1506638 [           main] ERROR       org.hibernate.hql.PARSER  -  Invalid path: 'p.repartos.asignatura'
2017-01-22 14:35:37,859 1506642 [           main] ERROR       org.hibernate.hql.PARSER  -  Invalid path: 'a.horasSemanales'
2017-01-22 14:35:37,863 1506646 [           main] ERROR       org.hibernate.hql.PARSER  -  Invalid path: 'p.repartos.asignatura'
2017-01-22 14:35:37,863 1506646 [           main] ERROR       org.hibernate.hql.PARSER  - <AST>:0:0: unexpected end of subtree
2017-01-22 14:35:37,863 1506646 [           main] ERROR       org.hibernate.hql.PARSER  -  left-hand operand of a binary operator was null
2017-01-22 14:35:37,864 1506647 [           main] ERROR       org.hibernate.hql.PARSER  - <AST>:0:0: unexpected end of subtree
2017-01-22 14:35:37,867 1506650 [           main] ERROR       org.hibernate.hql.PARSER  -  Invalid path: 'p.repartos.curso'
2017-01-22 14:35:39,335 1508118 [           main] ERROR       org.hibernate.hql.PARSER  - line 3:1: unexpected token: WHERE
2017-01-22 14:35:47,852 1516635 [           main] ERROR       org.hibernate.hql.PARSER  -  Path expected for join!
2017-01-22 14:35:47,855 1516638 [           main] ERROR       org.hibernate.hql.PARSER  -  Invalid path: 'p.codProf'
2017-01-22 14:35:47,859 1516642 [           main] ERROR       org.hibernate.hql.PARSER  -  Invalid path: 'p.repartos.asignatura'
2017-01-22 14:35:47,862 1516645 [           main] ERROR       org.hibernate.hql.PARSER  -  Invalid path: 'a.horasSemanales'
2017-01-22 14:35:47,865 1516648 [           main] ERROR       org.hibernate.hql.PARSER  -  Invalid path: 'p.repartos.asignatura'
2017-01-22 14:35:47,866 1516649 [           main] ERROR       org.hibernate.hql.PARSER  - <AST>:0:0: unexpected end of subtree
2017-01-22 14:35:47,866 1516649 [           main] ERROR       org.hibernate.hql.PARSER  -  left-hand operand of a binary operator was null
2017-01-22 14:35:47,866 1516649 [           main] ERROR       org.hibernate.hql.PARSER  - <AST>:0:0: unexpected end of subtree
2017-01-22 14:35:47,867 1516650 [           main] ERROR       org.hibernate.hql.PARSER  -  Invalid path: 'p.repartos.curso'
2017-01-22 14:35:55,849 1524632 [           main] ERROR       org.hibernate.hql.PARSER  - line 3:8: unexpected token: .
2017-01-22 14:36:39,378 1568161 [           main] ERROR       org.hibernate.hql.PARSER  - line 4:12: expecting IDENT, found ','
2017-01-22 14:36:39,379 1568162 [           main] WARN  rg.hibernate.hql.ast.HqlParser  - processEqualityExpression() : No expression to process!
2017-01-22 14:37:29,951 1618734 [           main] ERROR       org.hibernate.hql.PARSER  - line 4:29: expecting IDENT, found 'null'
2017-01-22 14:37:29,951 1618734 [           main] WARN  rg.hibernate.hql.ast.HqlParser  - processEqualityExpression() : No expression to process!
2017-01-22 14:37:34,455 1623238 [           main] ERROR       org.hibernate.hql.PARSER  - line 4:29: expecting IDENT, found 'null'
2017-01-22 14:37:34,455 1623238 [           main] WARN  rg.hibernate.hql.ast.HqlParser  - processEqualityExpression() : No expression to process!
2017-01-22 14:39:54,044 1762827 [           main] ERROR       org.hibernate.hql.PARSER  - line 1:79: expecting IDENT, found ')'
2017-01-22 14:39:54,044 1762827 [           main] ERROR       org.hibernate.hql.PARSER  - line 2:1: expecting CLOSE, found 'FROM'
2017-01-22 14:39:54,045 1762828 [           main] ERROR       org.hibernate.hql.PARSER  - line 2:21: unexpected token: r
2017-01-22 14:39:54,045 1762828 [           main] WARN  rg.hibernate.hql.ast.HqlParser  - processEqualityExpression() : No expression to process!
2017-01-22 14:39:54,045 1762828 [           main] ERROR       org.hibernate.hql.PARSER  - line 2:23: unexpected token: JOIN
2017-01-22 14:39:58,045 1766828 [           main] ERROR       org.hibernate.hql.PARSER  - line 1:77: unexpected token: )
2017-01-22 14:39:58,046 1766829 [           main] WARN  rg.hibernate.hql.ast.HqlParser  - processEqualityExpression() : No expression to process!
2017-01-22 14:40:07,551 1776334 [           main] ERROR       org.hibernate.hql.PARSER  - line 1:79: expecting IDENT, found ')'
2017-01-22 14:40:07,552 1776335 [           main] ERROR       org.hibernate.hql.PARSER  - line 2:1: expecting CLOSE, found 'FROM'
2017-01-22 14:40:07,552 1776335 [           main] ERROR       org.hibernate.hql.PARSER  - line 2:21: unexpected token: r
2017-01-22 14:40:07,552 1776335 [           main] WARN  rg.hibernate.hql.ast.HqlParser  - processEqualityExpression() : No expression to process!
2017-01-22 14:40:07,552 1776335 [           main] ERROR       org.hibernate.hql.PARSER  - line 2:23: unexpected token: JOIN
2017-01-22 14:40:17,558 1786341 [           main] ERROR       org.hibernate.hql.PARSER  - line 1:85: expecting IDENT, found ')'
2017-01-22 14:40:17,558 1786341 [           main] ERROR       org.hibernate.hql.PARSER  - line 2:1: expecting CLOSE, found 'FROM'
2017-01-22 14:40:17,558 1786341 [           main] ERROR       org.hibernate.hql.PARSER  - line 2:21: unexpected token: r
2017-01-22 14:40:17,558 1786341 [           main] WARN  rg.hibernate.hql.ast.HqlParser  - processEqualityExpression() : No expression to process!
2017-01-22 14:40:17,559 1786342 [           main] ERROR       org.hibernate.hql.PARSER  - line 2:23: unexpected token: JOIN
2017-01-22 14:40:27,805 1796588 [           main] WARN  ate.util.JDBCExceptionReporter  - SQL Error: 1064, SQLState: 42000
2017-01-22 14:40:27,805 1796588 [           main] ERROR ate.util.JDBCExceptionReporter  - You have an error in your SQL syntax; check the manual that corresponds to your MySQL server version for the right syntax to use near ' reparto0_.CodCurso) as col_4_0_ from horario.reparto reparto0_ inner join horar' at line 1
2017-01-22 15:48:06,887 5855670 [           main] ERROR       org.hibernate.hql.PARSER  - line 1:73: expecting CLOSE, found ','
2017-01-23 11:48:58,502 0      [           main] WARN  hibernate.jdbc.AbstractBatcher  - exception clearing maxRows/queryTimeout
java.sql.SQLException: No operations allowed after statement closed.
	at com.mysql.jdbc.SQLError.createSQLException(SQLError.java:964)
	at com.mysql.jdbc.SQLError.createSQLException(SQLError.java:897)
	at com.mysql.jdbc.SQLError.createSQLException(SQLError.java:886)
	at com.mysql.jdbc.SQLError.createSQLException(SQLError.java:860)
	at com.mysql.jdbc.StatementImpl.checkClosed(StatementImpl.java:436)
	at com.mysql.jdbc.StatementImpl.getMaxRows(StatementImpl.java:1858)
	at org.hibernate.jdbc.AbstractBatcher.closeQueryStatement(AbstractBatcher.java:298)
	at org.hibernate.jdbc.AbstractBatcher.closeQueryStatement(AbstractBatcher.java:234)
	at org.hibernate.loader.Loader.getResultSet(Loader.java:1883)
	at org.hibernate.loader.Loader.doQuery(Loader.java:718)
	at org.hibernate.loader.Loader.doQueryAndInitializeNonLazyCollections(Loader.java:270)
	at org.hibernate.loader.Loader.doList(Loader.java:2449)
	at org.hibernate.loader.Loader.listIgnoreQueryCache(Loader.java:2192)
	at org.hibernate.loader.Loader.list(Loader.java:2187)
	at org.hibernate.loader.hql.QueryLoader.list(QueryLoader.java:452)
	at org.hibernate.hql.ast.QueryTranslatorImpl.list(QueryTranslatorImpl.java:363)
	at org.hibernate.engine.query.HQLQueryPlan.performList(HQLQueryPlan.java:196)
	at org.hibernate.impl.SessionImpl.list(SessionImpl.java:1258)
	at org.hibernate.impl.QueryImpl.list(QueryImpl.java:102)
	at org.jboss.tools.hibernate3_5.HQLQueryPage.getList(HQLQueryPage.java:55)
	at org.hibernate.eclipse.console.views.QueryPageViewer$ContentProviderImpl.getElements(QueryPageViewer.java:120)
	at org.eclipse.jface.viewers.StructuredViewer.getRawChildren(StructuredViewer.java:1000)
	at org.eclipse.jface.viewers.ColumnViewer.getRawChildren(ColumnViewer.java:700)
	at org.eclipse.jface.viewers.AbstractTableViewer.getRawChildren(AbstractTableViewer.java:1043)
	at org.eclipse.jface.viewers.StructuredViewer.getFilteredChildren(StructuredViewer.java:906)
	at org.eclipse.jface.viewers.StructuredViewer.getSortedChildren(StructuredViewer.java:1083)
	at org.eclipse.jface.viewers.AbstractTableViewer.internalRefreshAll(AbstractTableViewer.java:667)
	at org.eclipse.jface.viewers.AbstractTableViewer.internalRefresh(AbstractTableViewer.java:615)
	at org.eclipse.jface.viewers.AbstractTableViewer.internalRefresh(AbstractTableViewer.java:607)
	at org.eclipse.jface.viewers.AbstractTableViewer$1.run(AbstractTableViewer.java:567)
	at org.eclipse.jface.viewers.StructuredViewer.preservingSelection(StructuredViewer.java:1462)
	at org.eclipse.jface.viewers.StructuredViewer.preservingSelection(StructuredViewer.java:1423)
	at org.eclipse.jface.viewers.AbstractTableViewer.inputChanged(AbstractTableViewer.java:564)
	at org.eclipse.jface.viewers.ContentViewer.setInput(ContentViewer.java:292)
	at org.eclipse.jface.viewers.StructuredViewer.setInput(StructuredViewer.java:1701)
	at org.hibernate.eclipse.console.views.QueryPageViewer.createTable(QueryPageViewer.java:225)
	at org.hibernate.eclipse.console.views.QueryPageViewer.createControl(QueryPageViewer.java:203)
	at org.hibernate.eclipse.console.views.QueryPageViewer.<init>(QueryPageViewer.java:160)
	at org.hibernate.eclipse.console.views.QueryPageTabView.rebuild(QueryPageTabView.java:109)
	at org.hibernate.eclipse.console.views.QueryPageTabView$1.contentsChanged(QueryPageTabView.java:75)
	at org.hibernate.eclipse.console.views.QueryPageTabView$1.intervalAdded(QueryPageTabView.java:85)
	at javax.swing.AbstractListModel.fireIntervalAdded(Unknown Source)
	at org.hibernate.console.QueryPageModel.add(QueryPageModel.java:67)
	at org.hibernate.console.KnownConfigurations$1.queryPageCreated(KnownConfigurations.java:88)
	at org.hibernate.console.ConsoleConfiguration.fireQueryPageCreated(ConsoleConfiguration.java:332)
	at org.hibernate.console.ConsoleConfiguration.executeHQLQuery(ConsoleConfiguration.java:301)
	at org.hibernate.eclipse.hqleditor.HQLEditor.executeQuery(HQLEditor.java:447)
	at org.hibernate.eclipse.console.actions.ExecuteQueryAction.execute(ExecuteQueryAction.java:88)
	at org.hibernate.eclipse.console.actions.ExecuteQueryAction.run(ExecuteQueryAction.java:56)
	at org.eclipse.jface.action.Action.runWithEvent(Action.java:473)
	at org.hibernate.eclipse.console.actions.ExecuteQueryAction.runWithEvent(ExecuteQueryAction.java:60)
	at org.eclipse.jface.action.ActionContributionItem.handleWidgetSelection(ActionContributionItem.java:595)
	at org.eclipse.jface.action.ActionContributionItem.access$2(ActionContributionItem.java:511)
	at org.eclipse.jface.action.ActionContributionItem$6.handleEvent(ActionContributionItem.java:462)
	at org.eclipse.swt.widgets.EventTable.sendEvent(EventTable.java:84)
	at org.eclipse.swt.widgets.Display.sendEvent(Display.java:4362)
	at org.eclipse.swt.widgets.Widget.sendEvent(Widget.java:1113)
	at org.eclipse.swt.widgets.Display.runDeferredEvents(Display.java:4180)
	at org.eclipse.swt.widgets.Display.readAndDispatch(Display.java:3769)
	at org.eclipse.e4.ui.internal.workbench.swt.PartRenderingEngine$4.run(PartRenderingEngine.java:1127)
	at org.eclipse.core.databinding.observable.Realm.runWithDefault(Realm.java:337)
	at org.eclipse.e4.ui.internal.workbench.swt.PartRenderingEngine.run(PartRenderingEngine.java:1018)
	at org.eclipse.e4.ui.internal.workbench.E4Workbench.createAndRunUI(E4Workbench.java:156)
	at org.eclipse.ui.internal.Workbench$5.run(Workbench.java:694)
	at org.eclipse.core.databinding.observable.Realm.runWithDefault(Realm.java:337)
	at org.eclipse.ui.internal.Workbench.createAndRunWorkbench(Workbench.java:606)
	at org.eclipse.ui.PlatformUI.createAndRunWorkbench(PlatformUI.java:150)
	at org.eclipse.ui.internal.ide.application.IDEApplication.start(IDEApplication.java:139)
	at org.eclipse.equinox.internal.app.EclipseAppHandle.run(EclipseAppHandle.java:196)
	at org.eclipse.core.runtime.internal.adaptor.EclipseAppLauncher.runApplication(EclipseAppLauncher.java:134)
	at org.eclipse.core.runtime.internal.adaptor.EclipseAppLauncher.start(EclipseAppLauncher.java:104)
	at org.eclipse.core.runtime.adaptor.EclipseStarter.run(EclipseStarter.java:380)
	at org.eclipse.core.runtime.adaptor.EclipseStarter.run(EclipseStarter.java:235)
	at sun.reflect.NativeMethodAccessorImpl.invoke0(Native Method)
	at sun.reflect.NativeMethodAccessorImpl.invoke(Unknown Source)
	at sun.reflect.DelegatingMethodAccessorImpl.invoke(Unknown Source)
	at java.lang.reflect.Method.invoke(Unknown Source)
	at org.eclipse.equinox.launcher.Main.invokeFramework(Main.java:669)
	at org.eclipse.equinox.launcher.Main.basicRun(Main.java:608)
	at org.eclipse.equinox.launcher.Main.run(Main.java:1515)
2017-01-23 11:48:58,548 46     [           main] WARN  ate.util.JDBCExceptionReporter  - SQL Error: 0, SQLState: 08S01
2017-01-23 11:48:58,548 46     [           main] ERROR ate.util.JDBCExceptionReporter  - Communications link failure

The last packet successfully received from the server was 1.327.188 milliseconds ago.  The last packet sent successfully to the server was 1.327.189 milliseconds ago.
2017-01-23 11:49:19,560 21058  [           main] WARN  ate.util.JDBCExceptionReporter  - SQL Error: 0, SQLState: 08003
2017-01-23 11:49:19,561 21059  [           main] ERROR ate.util.JDBCExceptionReporter  - No operations allowed after connection closed.
2017-01-23 11:49:34,422 35920  [           main] WARN  ate.util.JDBCExceptionReporter  - SQL Error: 0, SQLState: 08003
2017-01-23 11:49:34,422 35920  [           main] ERROR ate.util.JDBCExceptionReporter  - No operations allowed after connection closed.
2017-01-23 11:50:13,319 74817  [           main] WARN  ate.util.JDBCExceptionReporter  - SQL Error: 0, SQLState: 08003
2017-01-23 11:50:13,319 74817  [           main] ERROR ate.util.JDBCExceptionReporter  - No operations allowed after connection closed.
2017-01-23 11:51:14,805 136303 [           main] WARN  ate.util.JDBCExceptionReporter  - SQL Error: 0, SQLState: 08003
2017-01-23 11:51:14,805 136303 [           main] ERROR ate.util.JDBCExceptionReporter  - No operations allowed after connection closed.
2017-01-23 12:03:30,290 871788 [           main] WARN  ate.util.JDBCExceptionReporter  - SQL Error: 0, SQLState: 08003
2017-01-23 12:03:30,290 871788 [           main] ERROR ate.util.JDBCExceptionReporter  - No operations allowed after connection closed.
2017-01-23 12:05:22,880 984378 [           main] WARN  ate.util.JDBCExceptionReporter  - SQL Error: 0, SQLState: 08003
2017-01-23 12:05:22,880 984378 [           main] ERROR ate.util.JDBCExceptionReporter  - No operations allowed after connection closed.
2017-01-23 12:05:44,757 1006255 [           main] WARN  ate.util.JDBCExceptionReporter  - SQL Error: 0, SQLState: 08003
2017-01-23 12:05:44,757 1006255 [           main] ERROR ate.util.JDBCExceptionReporter  - No operations allowed after connection closed.
2017-01-23 12:06:07,729 1029227 [           main] WARN  ate.util.JDBCExceptionReporter  - SQL Error: 0, SQLState: 08003
2017-01-23 12:06:07,730 1029228 [           main] ERROR ate.util.JDBCExceptionReporter  - No operations allowed after connection closed.
2017-01-23 12:06:22,298 1043796 [           main] WARN  ate.util.JDBCExceptionReporter  - SQL Error: 0, SQLState: 08003
2017-01-23 12:06:22,298 1043796 [           main] ERROR ate.util.JDBCExceptionReporter  - No operations allowed after connection closed.
2017-01-23 15:06:55,287 0      [           main] WARN  ate.util.JDBCExceptionReporter  - SQL Error: 0, SQLState: 08S01
2017-01-23 15:06:55,311 24     [           main] ERROR ate.util.JDBCExceptionReporter  - Communications link failure

The last packet sent successfully to the server was 0 milliseconds ago. The driver has not received any packets from the server.
2017-01-23 15:08:40,615 105328 [           main] WARN  ate.util.JDBCExceptionReporter  - SQL Error: 0, SQLState: 08S01
2017-01-23 15:08:40,615 105328 [           main] ERROR ate.util.JDBCExceptionReporter  - Communications link failure

The last packet sent successfully to the server was 0 milliseconds ago. The driver has not received any packets from the server.
2017-01-23 15:09:48,551 173264 [           main] WARN  ate.util.JDBCExceptionReporter  - SQL Error: 1111, SQLState: HY000
2017-01-23 15:09:48,551 173264 [           main] ERROR ate.util.JDBCExceptionReporter  - Invalid use of group function
2017-01-23 15:23:12,117 976830 [           main] ERROR       org.hibernate.hql.PARSER  - line 2:28: unexpected token: profesor
2017-01-23 15:23:12,118 976831 [           main] WARN  rg.hibernate.hql.ast.HqlParser  - processEqualityExpression() : No expression to process!
2017-01-23 15:25:50,080 1134793 [           main] WARN  ate.util.JDBCExceptionReporter  - SQL Error: 1242, SQLState: 21000
2017-01-23 15:25:50,080 1134793 [           main] ERROR ate.util.JDBCExceptionReporter  - Subquery returns more than 1 row
2017-01-23 15:26:59,967 1204680 [           main] WARN  ate.util.JDBCExceptionReporter  - SQL Error: 1241, SQLState: 21000
2017-01-23 15:26:59,967 1204680 [           main] ERROR ate.util.JDBCExceptionReporter  - Operand should contain 1 column(s)
2017-01-23 15:27:07,775 1212488 [           main] WARN  ate.util.JDBCExceptionReporter  - SQL Error: 1241, SQLState: 21000
2017-01-23 15:27:07,775 1212488 [           main] ERROR ate.util.JDBCExceptionReporter  - Operand should contain 1 column(s)
2017-01-23 15:27:31,051 1235764 [           main] ERROR       org.hibernate.hql.PARSER  - line 4:97: unexpected token: JOIN
2017-01-23 15:28:32,451 1297164 [           main] WARN  ate.util.JDBCExceptionReporter  - SQL Error: 1054, SQLState: 42S22
2017-01-23 15:28:32,451 1297164 [           main] ERROR ate.util.JDBCExceptionReporter  - Unknown column 'profesor' in 'where clause'
2017-01-23 15:28:43,848 1308561 [           main] WARN  ate.util.JDBCExceptionReporter  - SQL Error: 1054, SQLState: 42S22
2017-01-23 15:28:43,848 1308561 [           main] ERROR ate.util.JDBCExceptionReporter  - Unknown column 'profesor' in 'where clause'
2017-02-02 08:30:42,730 0      [           main] ERROR       org.hibernate.hql.PARSER  - line 2:70: unexpected token: JOIN
2017-02-02 08:42:02,884 680154 [           main] ERROR       org.hibernate.hql.PARSER  - line 3:7: expecting "by", found 'p'
2017-02-02 08:42:08,243 685513 [           main] ERROR       org.hibernate.hql.PARSER  - line 3:7: expecting "by", found 'p'
2017-02-02 09:26:19,664 3336934 [           main] ERROR       org.hibernate.hql.PARSER  -  Invalid path: 'c.repartos'
2017-02-02 09:26:19,665 3336935 [           main] ERROR       org.hibernate.hql.PARSER  -  Invalid path: 'c.id.codCurso'
2017-02-02 09:36:59,009 3976279 [           main] WARN  ate.util.JDBCExceptionReporter  - SQL Error: 1111, SQLState: HY000
2017-02-02 09:36:59,009 3976279 [           main] ERROR ate.util.JDBCExceptionReporter  - Invalid use of group function
2017-02-02 09:37:15,764 3993034 [           main] WARN  ate.util.JDBCExceptionReporter  - SQL Error: 1111, SQLState: HY000
2017-02-02 09:37:15,765 3993035 [           main] ERROR ate.util.JDBCExceptionReporter  - Invalid use of group function
2017-02-02 09:37:41,545 4018815 [           main] ERROR       org.hibernate.hql.PARSER  - line 1:69: unexpected token: distinct
2017-02-02 09:37:50,140 4027410 [           main] ERROR       org.hibernate.hql.PARSER  - line 1:69: unexpected token: DISTINCT
2017-02-02 09:38:26,284 4063554 [           main] ERROR       org.hibernate.hql.PARSER  - line 1:69: unexpected token: DISTINCT
2017-02-02 09:52:30,875 4908145 [           main] ERROR       org.hibernate.hql.PARSER  - line 1:59: unexpected token: DISTINCT
2017-02-02 09:52:38,553 4915823 [           main] ERROR       org.hibernate.hql.PARSER  -  Invalid path: 'c.id.codOe'
2017-02-02 09:52:59,859 4937129 [           main] ERROR       org.hibernate.hql.PARSER  -  Invalid path: 'c.id.coCurso'
2017-02-02 09:53:13,382 4950652 [           main] ERROR       org.hibernate.hql.PARSER  -  Invalid path: 'c.id.coCurso'
2017-02-02 09:53:32,491 4969761 [           main] ERROR       org.hibernate.hql.PARSER  -  Invalid path: 'c.id.coCurso'
2017-02-02 09:53:46,551 4983821 [           main] ERROR       org.hibernate.hql.PARSER  -  Invalid path: 'c.id.coCurso'
2017-02-02 09:57:36,653 5213923 [           main] ERROR       org.hibernate.hql.PARSER  - line 5:87: expecting CLOSE, found 'FROM'
2017-02-02 09:57:36,653 5213923 [           main] ERROR       org.hibernate.hql.PARSER  - line 5:107: unexpected token: h
2017-02-02 09:57:36,653 5213923 [           main] WARN  rg.hibernate.hql.ast.HqlParser  - processEqualityExpression() : No expression to process!
2017-02-02 09:58:11,381 5248651 [           main] ERROR       org.hibernate.hql.PARSER  - line 5:89: expecting CLOSE, found 'FROM'
2017-02-02 09:58:11,381 5248651 [           main] ERROR       org.hibernate.hql.PARSER  - line 5:109: unexpected token: hor
2017-02-02 09:58:11,381 5248651 [           main] WARN  rg.hibernate.hql.ast.HqlParser  - processEqualityExpression() : No expression to process!
